08:54:02.489 INFO  [           main] c.h.a.QdPowerCompanyApplication - Starting QdPowerCompanyApplication v0.0.1-SNAPSHOT on DESKTOP-IIH2MDB with PID 27576 (D:\º½ÐÅ\svn\csyth\QdPowerCompany\target\QdPowerCompany-0.0.1-SNAPSHOT.jar started by admin in D:\º½ÐÅ\svn\csyth\QdPowerCompany\target)
08:54:02.489 INFO  [           main] c.h.a.QdPowerCompanyApplication - The following profiles are active: dev
08:54:02.619 INFO  [           main] o.s.b.w.s.c.AnnotationConfigServletWebServerApplicationContext - Refreshing org.springframework.boot.web.servlet.context.AnnotationConfigServletWebServerApplicationContext@7a79be86: startup date [Mon Dec 03 08:54:02 CST 2018]; root of context hierarchy
08:54:03.331 INFO  [           main] o.s.b.f.x.XmlBeanDefinitionReader - Loading XML bean definitions from class path resource [META-INF/cxf/cxf.xml]
08:54:04.864 INFO  [           main] o.s.b.w.e.t.TomcatWebServer - Tomcat initialized with port(s): 8802 (http)
08:54:04.884 INFO  [           main] o.a.c.http11.Http11NioProtocol - Initializing ProtocolHandler ["http-nio-8802"]
08:54:04.904 INFO  [           main] o.a.c.core.StandardService - Starting service [Tomcat]
08:54:04.904 INFO  [           main] o.a.c.core.StandardEngine - Starting Servlet Engine: Apache Tomcat/8.5.32
08:54:04.914 INFO  [ost-startStop-1] o.a.c.c.AprLifecycleListener - The APR based Apache Tomcat Native library which allows optimal performance in production environments was not found on the java.library.path: [C:\Program Files (x86)\Common Files\Oracle\Java\javapath;C:\WINDOWS\Sun\Java\bin;C:\WINDOWS\system32;C:\WINDOWS;C:\Program Files (x86)\Common Files\Oracle\Java\javapath;C:\WINDOWS\system32;C:\WINDOWS;C:\WINDOWS\System32\Wbem;C:\WINDOWS\System32\WindowsPowerShell\v1.0\;C:\Program Files\EmEditor;C:\Program Files\TortoiseSVN\bin;C:\Program Files\nodejs\;C:\WINDOWS\System32\OpenSSH\;D:\apache-maven-3.5.4\bin;C:\Users\admin\AppData\Roaming\npm;C:\Users\admin\AppData\Local\Programs\Microsoft VS Code\bin;C:\Users\admin\AppData\Local\Microsoft\WindowsApps;;.]
08:54:05.015 INFO  [ost-startStop-1] o.a.c.c.C.[.[localhost].[/] - Initializing Spring embedded WebApplicationContext
08:54:05.016 INFO  [ost-startStop-1] o.s.web.context.ContextLoader - Root WebApplicationContext: initialization completed in 2397 ms
08:54:05.321 INFO  [ost-startStop-1] o.s.b.w.s.ServletRegistrationBean - Servlet dispatcherServlet mapped to [/]
08:54:05.321 INFO  [ost-startStop-1] o.s.b.w.s.ServletRegistrationBean - Servlet CXFServlet mapped to [/services/*]
08:54:05.331 INFO  [ost-startStop-1] o.s.b.w.s.FilterRegistrationBean - Mapping filter: 'characterEncodingFilter' to: [/*]
08:54:05.331 INFO  [ost-startStop-1] o.s.b.w.s.FilterRegistrationBean - Mapping filter: 'hiddenHttpMethodFilter' to: [/*]
08:54:05.331 INFO  [ost-startStop-1] o.s.b.w.s.FilterRegistrationBean - Mapping filter: 'httpPutFormContentFilter' to: [/*]
08:54:05.331 INFO  [ost-startStop-1] o.s.b.w.s.FilterRegistrationBean - Mapping filter: 'requestContextFilter' to: [/*]
08:54:06.685 INFO  [           main] o.s.w.s.h.SimpleUrlHandlerMapping - Mapped URL path [/**/favicon.ico] onto handler of type [class org.springframework.web.servlet.resource.ResourceHttpRequestHandler]
08:54:06.934 INFO  [           main] o.s.w.s.m.m.a.RequestMappingHandlerAdapter - Looking for @ControllerAdvice: org.springframework.boot.web.servlet.context.AnnotationConfigServletWebServerApplicationContext@7a79be86: startup date [Mon Dec 03 08:54:02 CST 2018]; root of context hierarchy
08:54:07.014 INFO  [           main] o.s.w.s.m.m.a.RequestMappingHandlerMapping - Mapped "{[/main/employee]}" onto public java.lang.String com.htxx.controller.basic.EmployeeController.employee()
08:54:07.014 INFO  [           main] o.s.w.s.m.m.a.RequestMappingHandlerMapping - Mapped "{[/main/editEmployee]}" onto public org.springframework.web.servlet.ModelAndView com.htxx.controller.basic.EmployeeController.editEmployee(java.util.Map<java.lang.String, java.lang.Object>)
08:54:07.014 INFO  [           main] o.s.w.s.m.m.a.RequestMappingHandlerMapping - Mapped "{[/user-information]}" onto public org.springframework.web.servlet.ModelAndView com.htxx.controller.basic.EmployeeController.user_information(javax.servlet.http.HttpServletRequest)
08:54:07.014 INFO  [           main] o.s.w.s.m.m.a.RequestMappingHandlerMapping - Mapped "{[/noc/updateEmployee]}" onto public com.htxx.dto.ResultMap com.htxx.controller.basic.EmployeeController.updateEmployee(javax.servlet.http.HttpServletRequest,com.htxx.entity.Employee)
08:54:07.014 INFO  [           main] o.s.w.s.m.m.a.RequestMappingHandlerMapping - Mapped "{[/noc/pageEmployeeList]}" onto public java.lang.Object com.htxx.controller.basic.EmployeeController.pageEmployeeList(java.util.Map<java.lang.String, java.lang.Object>,javax.servlet.http.HttpServletRequest)
08:54:07.014 INFO  [           main] o.s.w.s.m.m.a.RequestMappingHandlerMapping - Mapped "{[/noc/insertEmployee]}" onto public com.htxx.dto.ResultMap com.htxx.controller.basic.EmployeeController.insertEmployee(javax.servlet.http.HttpServletRequest,com.htxx.entity.Employee)
08:54:07.014 INFO  [           main] o.s.w.s.m.m.a.RequestMappingHandlerMapping - Mapped "{[/noc/updateMyPassword]}" onto public com.htxx.dto.ResultMap com.htxx.controller.basic.EmployeeController.updateMyPassword(javax.servlet.http.HttpServletRequest,com.htxx.entity.Employee)
08:54:07.014 INFO  [           main] o.s.w.s.m.m.a.RequestMappingHandlerMapping - Mapped "{[/change-password]}" onto public org.springframework.web.servlet.ModelAndView com.htxx.controller.basic.EmployeeController.change_password(javax.servlet.http.HttpServletRequest)
08:54:07.014 INFO  [           main] o.s.w.s.m.m.a.RequestMappingHandlerMapping - Mapped "{[/noc/updateMyInfo]}" onto public com.htxx.dto.ResultMap com.htxx.controller.basic.EmployeeController.updateMyInfo(javax.servlet.http.HttpServletRequest,com.htxx.entity.Employee)
08:54:07.014 INFO  [           main] o.s.w.s.m.m.a.RequestMappingHandlerMapping - Mapped "{[/main/addEmployee]}" onto public java.lang.String com.htxx.controller.basic.EmployeeController.addEmployee()
08:54:07.014 INFO  [           main] o.s.w.s.m.m.a.RequestMappingHandlerMapping - Mapped "{[/noc/delEmployee]}" onto public com.htxx.dto.ResultMap com.htxx.controller.basic.EmployeeController.delEmployee(java.util.Map<java.lang.String, java.lang.Object>,javax.servlet.http.HttpServletRequest)
08:54:07.024 INFO  [           main] o.s.w.s.m.m.a.RequestMappingHandlerMapping - Mapped "{[/main/addFplx]}" onto public java.lang.String com.htxx.controller.basic.FpxxController.addFplx()
08:54:07.024 INFO  [           main] o.s.w.s.m.m.a.RequestMappingHandlerMapping - Mapped "{[/main/editFplx]}" onto public org.springframework.web.servlet.ModelAndView com.htxx.controller.basic.FpxxController.editFplx(java.util.Map<java.lang.String, java.lang.Object>)
08:54:07.024 INFO  [           main] o.s.w.s.m.m.a.RequestMappingHandlerMapping - Mapped "{[/noc/pageFplxList]}" onto public java.lang.Object com.htxx.controller.basic.FpxxController.pageFplxList(java.util.Map<java.lang.String, java.lang.Object>,javax.servlet.http.HttpServletRequest)
08:54:07.024 INFO  [           main] o.s.w.s.m.m.a.RequestMappingHandlerMapping - Mapped "{[/noc/insertFplx]}" onto public com.htxx.dto.ResultMap com.htxx.controller.basic.FpxxController.insertFplx(javax.servlet.http.HttpServletRequest,com.htxx.entity.Fplx)
08:54:07.024 INFO  [           main] o.s.w.s.m.m.a.RequestMappingHandlerMapping - Mapped "{[/main/fpxx]}" onto public java.lang.String com.htxx.controller.basic.FpxxController.fpxx()
08:54:07.024 INFO  [           main] o.s.w.s.m.m.a.RequestMappingHandlerMapping - Mapped "{[/noc/initFpxe]}" onto public com.htxx.dto.ResultMap com.htxx.controller.basic.FpxxController.initFpxe(javax.servlet.http.HttpServletRequest,com.htxx.entity.Fpxe)
08:54:07.024 INFO  [           main] o.s.w.s.m.m.a.RequestMappingHandlerMapping - Mapped "{[/noc/updateFplx]}" onto public com.htxx.dto.ResultMap com.htxx.controller.basic.FpxxController.updateFplx(javax.servlet.http.HttpServletRequest,com.htxx.entity.Fplx)
08:54:07.024 INFO  [           main] o.s.w.s.m.m.a.RequestMappingHandlerMapping - Mapped "{[/noc/pageFpxeList]}" onto public java.lang.Object com.htxx.controller.basic.FpxxController.pageFpxeList(java.util.Map<java.lang.String, java.lang.Object>,javax.servlet.http.HttpServletRequest)
08:54:07.024 INFO  [           main] o.s.w.s.m.m.a.RequestMappingHandlerMapping - Mapped "{[/noc/updateFpxe]}" onto public com.htxx.dto.ResultMap com.htxx.controller.basic.FpxxController.updateFpxe(javax.servlet.http.HttpServletRequest,com.htxx.entity.Fpxe)
08:54:07.024 INFO  [           main] o.s.w.s.m.m.a.RequestMappingHandlerMapping - Mapped "{[/noc/delFplx]}" onto public com.htxx.dto.ResultMap com.htxx.controller.basic.FpxxController.delFplx(java.util.Map<java.lang.String, java.lang.Object>,javax.servlet.http.HttpServletRequest)
08:54:07.024 INFO  [           main] o.s.w.s.m.m.a.RequestMappingHandlerMapping - Mapped "{[/main/role]}" onto public java.lang.String com.htxx.controller.basic.RoleController.role()
08:54:07.034 INFO  [           main] o.s.w.s.m.m.a.RequestMappingHandlerMapping - Mapped "{[/dologout]}" onto public java.lang.Object com.htxx.controller.basic.RoleController.doLogout(java.util.Map<java.lang.String, java.lang.Object>,javax.servlet.http.HttpServletRequest)
08:54:07.034 INFO  [           main] o.s.w.s.m.m.a.RequestMappingHandlerMapping - Mapped "{[/main/editRole]}" onto public org.springframework.web.servlet.ModelAndView com.htxx.controller.basic.RoleController.editRole(java.util.Map<java.lang.String, java.lang.Object>)
08:54:07.034 INFO  [           main] o.s.w.s.m.m.a.RequestMappingHandlerMapping - Mapped "{[/noc/allRoleList]}" onto public java.lang.Object com.htxx.controller.basic.RoleController.allRoleList(java.util.Map<java.lang.String, java.lang.Object>,javax.servlet.http.HttpServletRequest)
08:54:07.034 INFO  [           main] o.s.w.s.m.m.a.RequestMappingHandlerMapping - Mapped "{[/left_menu]}" onto public java.lang.Object com.htxx.controller.basic.RoleController.leftMenu(javax.servlet.http.HttpServletRequest)
08:54:07.034 INFO  [           main] o.s.w.s.m.m.a.RequestMappingHandlerMapping - Mapped "{[/dologin]}" onto public java.lang.Object com.htxx.controller.basic.RoleController.doLogin(java.util.Map<java.lang.String, java.lang.Object>,javax.servlet.http.HttpServletRequest)
08:54:07.034 INFO  [           main] o.s.w.s.m.m.a.RequestMappingHandlerMapping - Mapped "{[/noc/pageRoleList]}" onto public java.lang.Object com.htxx.controller.basic.RoleController.pageRoleList(java.util.Map<java.lang.String, java.lang.Object>,javax.servlet.http.HttpServletRequest)
08:54:07.034 INFO  [           main] o.s.w.s.m.m.a.RequestMappingHandlerMapping - Mapped "{[/noc/delRole]}" onto public com.htxx.dto.ResultMap com.htxx.controller.basic.RoleController.delRole(java.util.Map<java.lang.String, java.lang.Object>,javax.servlet.http.HttpServletRequest)
08:54:07.034 INFO  [           main] o.s.w.s.m.m.a.RequestMappingHandlerMapping - Mapped "{[/noc/insertRole]}" onto public com.htxx.dto.ResultMap com.htxx.controller.basic.RoleController.insertRole(javax.servlet.http.HttpServletRequest,com.htxx.entity.Role)
08:54:07.034 INFO  [           main] o.s.w.s.m.m.a.RequestMappingHandlerMapping - Mapped "{[/noc/updateRole]}" onto public com.htxx.dto.ResultMap com.htxx.controller.basic.RoleController.updateRole(javax.servlet.http.HttpServletRequest,com.htxx.entity.Role)
08:54:07.034 INFO  [           main] o.s.w.s.m.m.a.RequestMappingHandlerMapping - Mapped "{[/main/addRole]}" onto public java.lang.String com.htxx.controller.basic.RoleController.addRole()
08:54:07.044 INFO  [           main] o.s.w.s.m.m.a.RequestMappingHandlerMapping - Mapped "{[/code/getCode]}" onto public void com.htxx.controller.CodeController.getCode(javax.servlet.http.HttpServletRequest,javax.servlet.http.HttpServletResponse)
08:54:07.044 INFO  [           main] o.s.w.s.m.m.a.RequestMappingHandlerMapping - Mapped "{[/main/djdr/foToDanJuDaoRu]}" onto public java.lang.String com.htxx.controller.dianFeiShouRu.danJuDaoRuController.foToDanJuDaoRu()
08:54:07.044 INFO  [           main] o.s.w.s.m.m.a.RequestMappingHandlerMapping - Mapped "{[/noc/djdr/uploadFile]}" onto public com.htxx.common.LayUiResultData com.htxx.controller.dianFeiShouRu.danJuDaoRuController.uploadFile(org.springframework.web.multipart.MultipartFile,javax.servlet.http.HttpSession) throws java.io.IOException
08:54:07.044 INFO  [           main] o.s.w.s.m.m.a.RequestMappingHandlerMapping - Mapped "{[/noc/kpgl/getDjInfoById]}" onto public com.htxx.common.BaseResultData com.htxx.controller.dianFeiShouRu.kaiPiaoGuanLiController.getDjInfoById(java.lang.String,javax.servlet.http.HttpSession)
08:54:07.044 INFO  [           main] o.s.w.s.m.m.a.RequestMappingHandlerMapping - Mapped "{[/main/kpgl/foToKaiPiaoGuanLi]}" onto public java.lang.String com.htxx.controller.dianFeiShouRu.kaiPiaoGuanLiController.foToDanJuDaoRu()
08:54:07.044 INFO  [           main] o.s.w.s.m.m.a.RequestMappingHandlerMapping - Mapped "{[/noc/kpgl/updateDjState]}" onto public com.htxx.common.BaseResultData com.htxx.controller.dianFeiShouRu.kaiPiaoGuanLiController.updateDjState(java.lang.String,java.lang.Byte,javax.servlet.http.HttpSession)
08:54:07.044 INFO  [           main] o.s.w.s.m.m.a.RequestMappingHandlerMapping - Mapped "{[/noc/kpgl/test]}" onto public com.htxx.common.BaseResultData com.htxx.controller.dianFeiShouRu.kaiPiaoGuanLiController.updateDjState(javax.servlet.http.HttpSession)
08:54:07.044 INFO  [           main] o.s.w.s.m.m.a.RequestMappingHandlerMapping - Mapped "{[/noc/kpgl/getAllInvTypeByEnterprise]}" onto public org.springframework.web.servlet.ModelAndView com.htxx.controller.dianFeiShouRu.kaiPiaoGuanLiController.getAllInvTypeByEnterprise(java.lang.String,javax.servlet.http.HttpSession)
08:54:07.044 INFO  [           main] o.s.w.s.m.m.a.RequestMappingHandlerMapping - Mapped "{[/noc/kpgl/showDjMain]}" onto public org.springframework.web.servlet.ModelAndView com.htxx.controller.dianFeiShouRu.kaiPiaoGuanLiController.showTroubleDjMain(java.lang.Long,javax.servlet.http.HttpSession)
08:54:07.044 INFO  [           main] o.s.w.s.m.m.a.RequestMappingHandlerMapping - Mapped "{[/noc/wtdj/export]}" onto public void com.htxx.controller.dianFeiShouRu.wenTiDanJuGuanLiController.export(java.lang.String,java.lang.String,java.lang.String,java.lang.String,java.lang.String,java.lang.String,java.lang.String,java.lang.String,javax.servlet.http.HttpServletRequest,javax.servlet.http.HttpServletResponse)
08:54:07.044 INFO  [           main] o.s.w.s.m.m.a.RequestMappingHandlerMapping - Mapped "{[/noc/wtdj/wenTiDanJuHeBing]}" onto public com.htxx.common.BaseResultData com.htxx.controller.dianFeiShouRu.wenTiDanJuGuanLiController.wenTiDanJuHeBing(java.lang.String,java.lang.String,java.lang.String,java.lang.String,java.lang.String,java.lang.String,java.lang.String,java.lang.String)
08:54:07.054 INFO  [           main] o.s.w.s.m.m.a.RequestMappingHandlerMapping - Mapped "{[/main/wtdj/foToWenTiDanJuGuanLi]}" onto public java.lang.String com.htxx.controller.dianFeiShouRu.wenTiDanJuGuanLiController.foToWenTiDanJuGuanLi()
08:54:07.054 INFO  [           main] o.s.w.s.m.m.a.RequestMappingHandlerMapping - Mapped "{[/noc/wtdj/listAllOrder]}" onto public com.htxx.common.LayUiResultData com.htxx.controller.dianFeiShouRu.wenTiDanJuGuanLiController.listAllTroubleOrder(java.lang.String,java.lang.String,java.lang.String,java.lang.String,java.lang.String,java.lang.String,java.lang.String,javax.servlet.http.HttpSession)
08:54:07.054 INFO  [           main] o.s.w.s.m.m.a.RequestMappingHandlerMapping - Mapped "{[/noc/wtdj/searchAlreadyOpenInv]}" onto public org.springframework.web.servlet.ModelAndView com.htxx.controller.dianFeiShouRu.wenTiDanJuGuanLiController.searchAlreadyOpenInv(java.lang.String,javax.servlet.http.HttpSession)
08:54:07.054 INFO  [           main] o.s.w.s.m.m.a.RequestMappingHandlerMapping - Mapped "{[/noc/wtdj/saveOrEditWenTiDanJu]}" onto public com.htxx.common.BaseResultData com.htxx.controller.dianFeiShouRu.wenTiDanJuGuanLiController.saveOrEditWenTiDanJu(java.lang.Integer,java.math.BigDecimal,java.math.BigDecimal,java.math.BigDecimal,java.lang.String,java.lang.String,java.lang.String,long,java.lang.String,java.lang.String,java.lang.String,java.lang.String,java.math.BigDecimal,javax.servlet.http.HttpServletResponse)
08:54:07.054 INFO  [           main] o.s.w.s.m.m.a.RequestMappingHandlerMapping - Mapped "{[/noc/wtdj/showTroubleDjMain]}" onto public org.springframework.web.servlet.ModelAndView com.htxx.controller.dianFeiShouRu.wenTiDanJuGuanLiController.showTroubleDjMain(java.lang.Long,javax.servlet.http.HttpSession)
08:54:07.054 INFO  [           main] o.s.w.s.m.m.a.RequestMappingHandlerMapping - Mapped "{[/noc/wtdj/chongHongOrZuoFei]}" onto public com.htxx.common.BaseResultData com.htxx.controller.dianFeiShouRu.wenTiDanJuGuanLiController.chongHongOrZuoFei(java.lang.String)
08:54:07.054 INFO  [           main] o.s.w.s.m.m.a.RequestMappingHandlerMapping - Mapped "{[/noc/ykfp/list]}" onto public com.htxx.entity.PageMsg<com.htxx.entity.Ykfp> com.htxx.controller.dianFeiShouRu.yiKaiFaPiaoController.list(com.htxx.entity.PageMsg<com.htxx.entity.Ykfp>,com.htxx.entity.Ykfp)
08:54:07.054 INFO  [           main] o.s.w.s.m.m.a.RequestMappingHandlerMapping - Mapped "{[/noc/ykfp/export]}" onto public void com.htxx.controller.dianFeiShouRu.yiKaiFaPiaoController.export(javax.servlet.http.HttpServletRequest,javax.servlet.http.HttpServletResponse,com.htxx.entity.PageMsg<com.htxx.entity.Ykfp>,com.htxx.entity.Ykfp)
08:54:07.054 INFO  [           main] o.s.w.s.m.m.a.RequestMappingHandlerMapping - Mapped "{[/main/ykfp/foToYiKaiFaPiao]}" onto public org.springframework.web.servlet.ModelAndView com.htxx.controller.dianFeiShouRu.yiKaiFaPiaoController.foToDanJuDaoRu(javax.servlet.http.HttpSession)
08:54:07.054 INFO  [           main] o.s.w.s.m.m.a.RequestMappingHandlerMapping - Mapped "{[/noc/ykfp/showDjDetail]}" onto public org.springframework.web.servlet.ModelAndView com.htxx.controller.dianFeiShouRu.yiKaiFaPiaoController.showTroubleDjMain(java.lang.String,javax.servlet.http.HttpSession)
08:54:07.054 INFO  [           main] o.s.w.s.m.m.a.RequestMappingHandlerMapping - Mapped "{[/noc/zypbmd/showCustomerInfo]}" onto public org.springframework.web.servlet.ModelAndView com.htxx.controller.dianFeiShouRu.ziYouPiaoBaiMingDanController.showCustomerInfo(java.lang.Long,javax.servlet.http.HttpSession)
08:54:07.054 INFO  [           main] o.s.w.s.m.m.a.RequestMappingHandlerMapping - Mapped "{[/noc/zypbmd/listAllOrder]}" onto public com.htxx.common.LayUiResultData com.htxx.controller.dianFeiShouRu.ziYouPiaoBaiMingDanController.listAllOrder(java.lang.String,java.lang.String,java.lang.String,java.lang.String,java.lang.String,javax.servlet.http.HttpSession)
08:54:07.054 INFO  [           main] o.s.w.s.m.m.a.RequestMappingHandlerMapping - Mapped "{[/noc/zypbmd/batchDelete]}" onto public com.htxx.common.BaseResultData com.htxx.controller.dianFeiShouRu.ziYouPiaoBaiMingDanController.batchDelete(java.lang.String,javax.servlet.http.HttpServletRequest,javax.servlet.http.HttpServletResponse)
08:54:07.054 INFO  [           main] o.s.w.s.m.m.a.RequestMappingHandlerMapping - Mapped "{[/main/zypbmd/foToZiYouPiaoBaiMingDan]}" onto public java.lang.String com.htxx.controller.dianFeiShouRu.ziYouPiaoBaiMingDanController.foToWenTiDanJuGuanLi()
08:54:07.064 INFO  [           main] o.s.w.s.m.m.a.RequestMappingHandlerMapping - Mapped "{[/noc/zypbmd/saveOrEditGfInfo]}" onto public com.htxx.common.BaseResultData com.htxx.controller.dianFeiShouRu.ziYouPiaoBaiMingDanController.saveOrEditWenTiDanJu(java.lang.String,java.lang.String,java.lang.String,java.lang.String,java.lang.String,byte,javax.servlet.http.HttpSession)
08:54:07.070 INFO  [           main] o.s.w.s.m.m.a.RequestMappingHandlerMapping - Mapped "{[/noc/zyp/list]}" onto public com.htxx.entity.PageMsg<com.htxx.entity.Ykfp> com.htxx.controller.dianFeiShouRu.ziYouPiaoController.list(com.htxx.entity.PageMsg<com.htxx.entity.Ykfp>,com.htxx.entity.Ykfp)
08:54:07.072 INFO  [           main] o.s.w.s.m.m.a.RequestMappingHandlerMapping - Mapped "{[/noc/zyp/export]}" onto public void com.htxx.controller.dianFeiShouRu.ziYouPiaoController.export(javax.servlet.http.HttpServletRequest,javax.servlet.http.HttpServletResponse,com.htxx.entity.PageMsg<com.htxx.entity.Ykfp>,com.htxx.entity.Ykfp)
08:54:07.072 INFO  [           main] o.s.w.s.m.m.a.RequestMappingHandlerMapping - Mapped "{[/main/zyp/foToZiYouPiao]}" onto public org.springframework.web.servlet.ModelAndView com.htxx.controller.dianFeiShouRu.ziYouPiaoController.foToZiYouPiao(javax.servlet.http.HttpSession)
08:54:07.073 INFO  [           main] o.s.w.s.m.m.a.RequestMappingHandlerMapping - Mapped "{[/noc/zyp/findAllGfInfos]}" onto public com.htxx.common.BaseResultData com.htxx.controller.dianFeiShouRu.ziYouPiaoController.findAllGfInfos(javax.servlet.http.HttpSession)
08:54:07.074 INFO  [           main] o.s.w.s.m.m.a.RequestMappingHandlerMapping - Mapped "{[/noc/zyp/findKpjMaxMoney]}" onto public com.htxx.common.BaseResultData com.htxx.controller.dianFeiShouRu.ziYouPiaoController.findKpjMaxMoney(int,int,javax.servlet.http.HttpSession)
08:54:07.075 INFO  [           main] o.s.w.s.m.m.a.RequestMappingHandlerMapping - Mapped "{[/noc/zyp/saveInvTemp]}" onto public com.htxx.common.BaseResultData com.htxx.controller.dianFeiShouRu.ziYouPiaoController.saveInvTemp(com.htxx.entity.xxfp,javax.servlet.http.HttpSession)
08:54:07.076 INFO  [           main] o.s.w.s.m.m.a.RequestMappingHandlerMapping - Mapped "{[/noc/zyp/foToNewZiYouPiao]}" onto public org.springframework.web.servlet.ModelAndView com.htxx.controller.dianFeiShouRu.ziYouPiaoController.foToNewZiYouPiao(javax.servlet.http.HttpSession,javax.servlet.http.HttpServletRequest)
08:54:07.077 INFO  [           main] o.s.w.s.m.m.a.RequestMappingHandlerMapping - Mapped "{[/noc/zyp/findAllGoodsInfo]}" onto public com.htxx.common.BaseResultData com.htxx.controller.dianFeiShouRu.ziYouPiaoController.findAllGoodsInfo(javax.servlet.http.HttpSession)
08:54:07.077 INFO  [           main] o.s.w.s.m.m.a.RequestMappingHandlerMapping - Mapped "{[/noc/zyp/saveYkFp]}" onto public com.htxx.common.BaseResultData com.htxx.controller.dianFeiShouRu.ziYouPiaoController.saveYkFp(com.htxx.entity.xxfp,com.htxx.entity.KpResult,javax.servlet.http.HttpSession)
08:54:07.078 INFO  [           main] o.s.w.s.m.m.a.RequestMappingHandlerMapping - Mapped "{[/noc/zyp/saveFpInfo2Ykfp]}" onto public com.htxx.common.BaseResultData com.htxx.controller.dianFeiShouRu.ziYouPiaoController.saveFpInfo2Ykfp(com.htxx.entity.QryInvResult,javax.servlet.http.HttpSession)
08:54:07.079 INFO  [           main] o.s.w.s.m.m.a.RequestMappingHandlerMapping - Mapped "{[/noc/zyp/gbkChange]}" onto public com.htxx.common.BaseResultData com.htxx.controller.dianFeiShouRu.ziYouPiaoController.gbkChange(java.lang.String)
08:54:07.082 INFO  [           main] o.s.w.s.m.m.a.RequestMappingHandlerMapping - Mapped "{[/noc/zyp/selectSpxx]}" onto public org.springframework.web.servlet.ModelAndView com.htxx.controller.dianFeiShouRu.ziYouPiaoController.selectSpxx(org.springframework.web.servlet.ModelAndView)
08:54:07.083 INFO  [           main] o.s.w.s.m.m.a.RequestMappingHandlerMapping - Mapped "{[/noc/zyp/getAllInvTypeByEnterprise]}" onto public org.springframework.web.servlet.ModelAndView com.htxx.controller.dianFeiShouRu.ziYouPiaoController.getAllInvTypeByEnterprise(java.lang.String,javax.servlet.http.HttpSession)
08:54:07.084 INFO  [           main] o.s.w.s.m.m.a.RequestMappingHandlerMapping - Mapped "{[/noc/zyp/getDjDetail]}" onto public com.htxx.common.BaseResultData com.htxx.controller.dianFeiShouRu.ziYouPiaoController.showTroubleDjMain(java.lang.String,javax.servlet.http.HttpSession)
08:54:07.085 INFO  [           main] o.s.w.s.m.m.a.RequestMappingHandlerMapping - Mapped "{[/noc/highPower/notice/delete]}" onto public com.htxx.dto.ResultMap com.htxx.controller.highPower.HighPowerNoticeController.delete()
08:54:07.086 INFO  [           main] o.s.w.s.m.m.a.RequestMappingHandlerMapping - Mapped "{[/noc/highPower/notice/list]}" onto public com.htxx.entity.PageMsg<com.htxx.entity.Notice> com.htxx.controller.highPower.HighPowerNoticeController.list(com.htxx.entity.PageMsg<com.htxx.entity.Notice>,com.htxx.entity.Notice)
08:54:07.087 INFO  [           main] o.s.w.s.m.m.a.RequestMappingHandlerMapping - Mapped "{[/noc/highPower/notice/save]}" onto public com.htxx.dto.ResultMap com.htxx.controller.highPower.HighPowerNoticeController.save(com.htxx.entity.Notice)
08:54:07.087 INFO  [           main] o.s.w.s.m.m.a.RequestMappingHandlerMapping - Mapped "{[/noc/highPower/notice/submit]}" onto public com.htxx.dto.ResultMap com.htxx.controller.highPower.HighPowerNoticeController.submit(com.htxx.entity.PageMsg<com.htxx.entity.Notice>,com.htxx.entity.Notice)
08:54:07.088 INFO  [           main] o.s.w.s.m.m.a.RequestMappingHandlerMapping - Mapped "{[/noc/highPower/notice/export]}" onto public void com.htxx.controller.highPower.HighPowerNoticeController.export(com.htxx.entity.PageMsg<com.htxx.entity.Notice>,com.htxx.entity.Notice)
08:54:07.088 INFO  [           main] o.s.w.s.m.m.a.RequestMappingHandlerMapping - Mapped "{[/noc/highPower/notice/addOrEdit]}" onto public org.springframework.web.servlet.ModelAndView com.htxx.controller.highPower.HighPowerNoticeController.addOrEdit(com.htxx.entity.Notice,org.springframework.web.servlet.ModelAndView)
08:54:07.089 INFO  [           main] o.s.w.s.m.m.a.RequestMappingHandlerMapping - Mapped "{[/noc/highPower/invoiceMng/list]}" onto public com.htxx.entity.PageMsg<com.htxx.entity.Notice> com.htxx.controller.highPower.InvoiceMngController.list(com.htxx.entity.PageMsg<com.htxx.entity.Notice>,com.htxx.entity.Notice)
08:54:07.090 INFO  [           main] o.s.w.s.m.m.a.RequestMappingHandlerMapping - Mapped "{[/noc/highPower/invoiceMng/export]}" onto public void com.htxx.controller.highPower.InvoiceMngController.export(com.htxx.entity.PageMsg<com.htxx.entity.Notice>,com.htxx.entity.Notice)
08:54:07.093 INFO  [           main] o.s.w.s.m.m.a.RequestMappingHandlerMapping - Mapped "{[/noc/highPower/invoiceMng/selectSpxx]}" onto public org.springframework.web.servlet.ModelAndView com.htxx.controller.highPower.InvoiceMngController.selectSpxx(org.springframework.web.servlet.ModelAndView)
08:54:07.094 INFO  [           main] o.s.w.s.m.m.a.RequestMappingHandlerMapping - Mapped "{[/noc/highPower/invoiceMng/selectGfxx]}" onto public org.springframework.web.servlet.ModelAndView com.htxx.controller.highPower.InvoiceMngController.selectGfxx(org.springframework.web.servlet.ModelAndView)
08:54:07.094 INFO  [           main] o.s.w.s.m.m.a.RequestMappingHandlerMapping - Mapped "{[/noc/highPower/invoiceMng/invoice]}" onto public org.springframework.web.servlet.ModelAndView com.htxx.controller.highPower.InvoiceMngController.invoice(org.springframework.web.servlet.ModelAndView)
08:54:07.095 INFO  [           main] o.s.w.s.m.m.a.RequestMappingHandlerMapping - Mapped "{[/noc/highPower/invoiceMng/spxxList]}" onto public com.htxx.entity.PageMsg<com.htxx.entity.Spxx> com.htxx.controller.highPower.InvoiceMngController.spxxList(com.htxx.entity.PageMsg<com.htxx.entity.Spxx>,com.htxx.entity.Spxx)
08:54:07.095 INFO  [           main] o.s.w.s.m.m.a.RequestMappingHandlerMapping - Mapped "{[/noc/highPower/invoiceMng/gfxxDropDownList]}" onto public java.util.Map<java.lang.String, java.lang.Object> com.htxx.controller.highPower.InvoiceMngController.gfxxDropDownList()
08:54:07.096 INFO  [           main] o.s.w.s.m.m.a.RequestMappingHandlerMapping - Mapped "{[/noc/highPower/invoiceMng/getFpxe]}" onto public com.htxx.dto.ResultMap com.htxx.controller.highPower.InvoiceMngController.getFpxe()
08:54:07.097 INFO  [           main] o.s.w.s.m.m.a.RequestMappingHandlerMapping - Mapped "{[/noc/highPower/invoiceMng/gfxxList]}" onto public com.htxx.entity.PageMsg<com.htxx.entity.Gfxx> com.htxx.controller.highPower.InvoiceMngController.gfxxList(com.htxx.entity.PageMsg<com.htxx.entity.Gfxx>,com.htxx.entity.Gfxx)
08:54:07.098 INFO  [           main] o.s.w.s.m.m.a.RequestMappingHandlerMapping - Mapped "{[/noc/highPower/ykfpMng/list]}" onto public com.htxx.entity.PageMsg<com.htxx.entity.Ykfp> com.htxx.controller.highPower.YkfpMngController.list(com.htxx.entity.PageMsg<com.htxx.entity.Ykfp>,com.htxx.entity.Ykfp)
08:54:07.098 INFO  [           main] o.s.w.s.m.m.a.RequestMappingHandlerMapping - Mapped "{[/noc/highPower/ykfpMng/export]}" onto public void com.htxx.controller.highPower.YkfpMngController.export(com.htxx.entity.PageMsg<com.htxx.entity.Ykfp>,com.htxx.entity.Ykfp)
08:54:07.099 INFO  [           main] o.s.w.s.m.m.a.RequestMappingHandlerMapping - Mapped "{[/noc/highPower/ykfpMng/invoiceDel]}" onto public org.springframework.web.servlet.ModelAndView com.htxx.controller.highPower.YkfpMngController.invoiceDel(org.springframework.web.servlet.ModelAndView)
08:54:07.100 INFO  [           main] o.s.w.s.m.m.a.RequestMappingHandlerMapping - Mapped "{[/noc/highPower/ykfpMng/invoiceCancel]}" onto public com.htxx.dto.ResultMap com.htxx.controller.highPower.YkfpMngController.invoiceCancel()
08:54:07.103 INFO  [           main] o.s.w.s.m.m.a.RequestMappingHandlerMapping - Mapped "{[/noc/highPower/ykfpMng/getFpxx]}" onto public com.htxx.dto.ResultMap com.htxx.controller.highPower.YkfpMngController.getFpxx()
08:54:07.105 INFO  [           main] o.s.w.s.m.m.a.RequestMappingHandlerMapping - Mapped "{[/fpjx]}" onto public org.springframework.web.servlet.ModelAndView com.htxx.controller.HomeController.fpjx()
08:54:07.105 INFO  [           main] o.s.w.s.m.m.a.RequestMappingHandlerMapping - Mapped "{[/fpcx]}" onto public java.lang.String com.htxx.controller.HomeController.fpcx()
08:54:07.106 INFO  [           main] o.s.w.s.m.m.a.RequestMappingHandlerMapping - Mapped "{[/fpsj]}" onto public org.springframework.web.servlet.ModelAndView com.htxx.controller.HomeController.fpsj()
08:54:07.106 INFO  [           main] o.s.w.s.m.m.a.RequestMappingHandlerMapping - Mapped "{[/fppd]}" onto public org.springframework.web.servlet.ModelAndView com.htxx.controller.HomeController.fppd()
08:54:07.107 INFO  [           main] o.s.w.s.m.m.a.RequestMappingHandlerMapping - Mapped "{[/sgtz]}" onto public org.springframework.web.servlet.ModelAndView com.htxx.controller.HomeController.sgtz()
08:54:07.107 INFO  [           main] o.s.w.s.m.m.a.RequestMappingHandlerMapping - Mapped "{[/sgsh]}" onto public org.springframework.web.servlet.ModelAndView com.htxx.controller.HomeController.sgsh()
08:54:07.107 INFO  [           main] o.s.w.s.m.m.a.RequestMappingHandlerMapping - Mapped "{[/dzkcgl]}" onto public org.springframework.web.servlet.ModelAndView com.htxx.controller.HomeController.dzkcgl()
08:54:07.108 INFO  [           main] o.s.w.s.m.m.a.RequestMappingHandlerMapping - Mapped "{[/zzkcgl]}" onto public org.springframework.web.servlet.ModelAndView com.htxx.controller.HomeController.zzkcgl()
08:54:07.111 INFO  [           main] o.s.w.s.m.m.a.RequestMappingHandlerMapping - Mapped "{[/invoice/addOrUpdateSgtz]}" onto public java.lang.Object com.htxx.controller.InvoiceController.addOrUpdateSgtz(com.htxx.entity.Fpsg)
08:54:07.113 INFO  [           main] o.s.w.s.m.m.a.RequestMappingHandlerMapping - Mapped "{[/invoice/getReviewLogById/{id}]}" onto public org.springframework.web.servlet.ModelAndView com.htxx.controller.InvoiceController.getReviewLogById(java.lang.Integer)
08:54:07.114 INFO  [           main] o.s.w.s.m.m.a.RequestMappingHandlerMapping - Mapped "{[/invoice/getSgtzList],methods=[GET]}" onto public java.lang.Object com.htxx.controller.InvoiceController.getSgtzList(java.util.Map<java.lang.String, java.lang.Object>)
08:54:07.115 INFO  [           main] o.s.w.s.m.m.a.RequestMappingHandlerMapping - Mapped "{[/invoice/getDistributeDetailById/{id}]}" onto public org.springframework.web.servlet.ModelAndView com.htxx.controller.InvoiceController.getDistributeDetailById(java.lang.Integer)
08:54:07.115 INFO  [           main] o.s.w.s.m.m.a.RequestMappingHandlerMapping - Mapped "{[/invoice/getDistributeInputById/{id}]}" onto public org.springframework.web.servlet.ModelAndView com.htxx.controller.InvoiceController.getDistributeInputById(java.lang.Integer)
08:54:07.117 INFO  [           main] o.s.w.s.m.m.a.RequestMappingHandlerMapping - Mapped "{[/invoice/getReviewDetailById/{id}]}" onto public org.springframework.web.servlet.ModelAndView com.htxx.controller.InvoiceController.getReviewDetailById(java.lang.Integer)
08:54:07.118 INFO  [           main] o.s.w.s.m.m.a.RequestMappingHandlerMapping - Mapped "{[/invoice/getStoreDetailById/{id}]}" onto public org.springframework.web.servlet.ModelAndView com.htxx.controller.InvoiceController.getStoreDetailById(java.lang.Integer)
08:54:07.121 INFO  [           main] o.s.w.s.m.m.a.RequestMappingHandlerMapping - Mapped "{[/noc/invoiceMana/getFppdList],methods=[POST]}" onto public java.lang.Object com.htxx.controller.invoicemanage.InvoiceManageController.getFppdList(java.util.Map<java.lang.String, java.lang.Object>)
08:54:07.123 INFO  [           main] o.s.w.s.m.m.a.RequestMappingHandlerMapping - Mapped "{[/noc/invoiceMana/updateFpStatus],methods=[POST]}" onto public java.lang.Object com.htxx.controller.invoicemanage.InvoiceManageController.updateFpStatus(com.htxx.pojo.FpjxParams)
08:54:07.125 INFO  [           main] o.s.w.s.m.m.a.RequestMappingHandlerMapping - Mapped "{[/noc/invoiceMana/getFpsjList],methods=[POST]}" onto public java.lang.Object com.htxx.controller.invoicemanage.InvoiceManageController.getFpsjList(java.util.Map<java.lang.String, java.lang.Object>)
08:54:07.125 INFO  [           main] o.s.w.s.m.m.a.RequestMappingHandlerMapping - Mapped "{[/noc/invoiceMana/fppdOperate],methods=[POST]}" onto public java.lang.Object com.htxx.controller.invoicemanage.InvoiceManageController.fppdOperate(com.htxx.pojo.FppdParams)
08:54:07.126 INFO  [           main] o.s.w.s.m.m.a.RequestMappingHandlerMapping - Mapped "{[/noc/invoice/exportFpsjExcel]}" onto public void com.htxx.controller.invoicemanage.InvoiceManageController.exportFpsjExcel(java.util.Map<java.lang.String, java.lang.Object>)
08:54:07.127 INFO  [           main] o.s.w.s.m.m.a.RequestMappingHandlerMapping - Mapped "{[/noc/invoiceMana/toInvList/{pdId}/{pdType}],methods=[GET]}" onto public org.springframework.web.servlet.ModelAndView com.htxx.controller.invoicemanage.InvoiceManageController.toInvList(java.lang.Long,java.lang.String)
08:54:07.128 INFO  [           main] o.s.w.s.m.m.a.RequestMappingHandlerMapping - Mapped "{[/noc/purchaseAccount/getReviewLogById/{id}],methods=[GET]}" onto public org.springframework.web.servlet.ModelAndView com.htxx.controller.invoicepurchase.PurchaseAccountController.getReviewLogById(java.lang.Long,java.util.Map<java.lang.String, java.lang.Object>)
08:54:07.129 INFO  [           main] o.s.w.s.m.m.a.RequestMappingHandlerMapping - Mapped "{[/noc/purchaseAccount/getList],methods=[GET]}" onto public java.lang.Object com.htxx.controller.invoicepurchase.PurchaseAccountController.getAccountList(java.util.Map<java.lang.String, java.lang.Object>)
08:54:07.129 INFO  [           main] o.s.w.s.m.m.a.RequestMappingHandlerMapping - Mapped "{[/noc/purchaseAccount/reviewById],methods=[POST]}" onto public java.lang.Object com.htxx.controller.invoicepurchase.PurchaseAccountController.reviewById(com.htxx.pojo.InvoiceReviewParams)
08:54:07.130 INFO  [           main] o.s.w.s.m.m.a.RequestMappingHandlerMapping - Mapped "{[/noc/purchaseReview/getList],methods=[GET]}" onto public java.lang.Object com.htxx.controller.invoicepurchase.PurchaseAccountController.getReviewList(java.util.Map<java.lang.String, java.lang.Object>)
08:54:07.132 INFO  [           main] o.s.w.s.m.m.a.RequestMappingHandlerMapping - Mapped "{[/noc/purchaseAccount/getReviewDetail/{id}]}" onto public org.springframework.web.servlet.ModelAndView com.htxx.controller.invoicepurchase.PurchaseAccountController.getReviewDetail(java.lang.Long)
08:54:07.134 INFO  [           main] o.s.w.s.m.m.a.RequestMappingHandlerMapping - Mapped "{[/noc/purchaseAccount/addOrUpdate]}" onto public java.lang.Object com.htxx.controller.invoicepurchase.PurchaseAccountController.addOrUpdate(com.htxx.entity.Fpsg)
08:54:07.135 INFO  [           main] o.s.w.s.m.m.a.RequestMappingHandlerMapping - Mapped "{[/noc/purchaseAccount/exportExcel]}" onto public void com.htxx.controller.invoicepurchase.PurchaseAccountController.exportExcel(java.util.Map<java.lang.String, java.lang.Object>)
08:54:07.136 INFO  [           main] o.s.w.s.m.m.a.RequestMappingHandlerMapping - Mapped "{[/noc/purchaseAccount/submitReview/{id}],methods=[POST]}" onto public java.lang.Object com.htxx.controller.invoicepurchase.PurchaseAccountController.submitReview(java.lang.Long,com.htxx.entity.Fpsg)
08:54:07.136 INFO  [           main] o.s.w.s.m.m.a.RequestMappingHandlerMapping - Mapped "{[/noc/purchaseAccount/deletById/{id}]}" onto public java.lang.Object com.htxx.controller.invoicepurchase.PurchaseAccountController.deletById(java.lang.Long,com.htxx.entity.Fpsg)
08:54:07.136 INFO  [           main] o.s.w.s.m.m.a.RequestMappingHandlerMapping - Mapped "{[/noc/purchaseAccount/getDetail]}" onto public org.springframework.web.servlet.ModelAndView com.htxx.controller.invoicepurchase.PurchaseAccountController.getDetail(java.lang.Long)
08:54:07.137 INFO  [           main] o.s.w.s.m.m.a.RequestMappingHandlerMapping - Mapped "{[/noc/statistics/terminalInvoiceAnalysis/list]}" onto public com.htxx.entity.PageMsg<com.htxx.entity.TerminalAnalysis> com.htxx.controller.statistics.StatisticsAnalysisController.terminalInvoiceAnalysisList(com.htxx.entity.PageMsg<com.htxx.entity.TerminalAnalysis>,com.htxx.entity.TerminalAnalysis)
08:54:07.138 INFO  [           main] o.s.w.s.m.m.a.RequestMappingHandlerMapping - Mapped "{[/noc/statistics/invoiceAnalysis/list]}" onto public com.htxx.entity.PageMsg<com.htxx.entity.Ykfp> com.htxx.controller.statistics.StatisticsAnalysisController.invoiceAnalysisList(com.htxx.entity.PageMsg<com.htxx.entity.Ykfp>,com.htxx.entity.Ykfp)
08:54:07.139 INFO  [           main] o.s.w.s.m.m.a.RequestMappingHandlerMapping - Mapped "{[/noc/statistics/terminalInvoiceAnalysis/export]}" onto public void com.htxx.controller.statistics.StatisticsAnalysisController.export(javax.servlet.http.HttpServletRequest,javax.servlet.http.HttpServletResponse,com.htxx.entity.TerminalAnalysis)
08:54:07.140 INFO  [           main] o.s.w.s.m.m.a.RequestMappingHandlerMapping - Mapped "{[/main/editGfxx]}" onto public org.springframework.web.servlet.ModelAndView com.htxx.controller.basic.GfxxController.editGfxx(java.util.Map<java.lang.String, java.lang.Object>)
08:54:07.140 INFO  [           main] o.s.w.s.m.m.a.RequestMappingHandlerMapping - Mapped "{[/noc/pageGfxxList]}" onto public java.lang.Object com.htxx.controller.basic.GfxxController.pageGfxxList(java.util.Map<java.lang.String, java.lang.Object>,javax.servlet.http.HttpServletRequest)
08:54:07.142 INFO  [           main] o.s.w.s.m.m.a.RequestMappingHandlerMapping - Mapped "{[/noc/insertGfxx]}" onto public com.htxx.dto.ResultMap com.htxx.controller.basic.GfxxController.insertGfxx(javax.servlet.http.HttpServletRequest,com.htxx.entity.Gfxx)
08:54:07.145 INFO  [           main] o.s.w.s.m.m.a.RequestMappingHandlerMapping - Mapped "{[/noc/updateGfxx]}" onto public com.htxx.dto.ResultMap com.htxx.controller.basic.GfxxController.updateGfxx(javax.servlet.http.HttpServletRequest,com.htxx.entity.Gfxx)
08:54:07.146 INFO  [           main] o.s.w.s.m.m.a.RequestMappingHandlerMapping - Mapped "{[/noc/delGfxx]}" onto public com.htxx.dto.ResultMap com.htxx.controller.basic.GfxxController.delGfxx(java.util.Map<java.lang.String, java.lang.Object>,javax.servlet.http.HttpServletRequest)
08:54:07.147 INFO  [           main] o.s.w.s.m.m.a.RequestMappingHandlerMapping - Mapped "{[/main/addGfxx]}" onto public java.lang.String com.htxx.controller.basic.GfxxController.addGfxx()
08:54:07.147 INFO  [           main] o.s.w.s.m.m.a.RequestMappingHandlerMapping - Mapped "{[/main/gfxx]}" onto public java.lang.String com.htxx.controller.basic.GfxxController.gfxx()
08:54:07.150 INFO  [           main] o.s.w.s.m.m.a.RequestMappingHandlerMapping - Mapped "{[/main/drZypShl]}" onto public org.springframework.web.servlet.ModelAndView com.htxx.controller.basic.ShlController.drZypShl(java.util.Map<java.lang.String, java.lang.Object>)
08:54:07.151 INFO  [           main] o.s.w.s.m.m.a.RequestMappingHandlerMapping - Mapped "{[/noc/updateFpsgShl]}" onto public com.htxx.dto.ResultMap com.htxx.controller.basic.ShlController.updateFpsgShl(javax.servlet.http.HttpServletRequest,com.htxx.entity.FpsgShl)
08:54:07.152 INFO  [           main] o.s.w.s.m.m.a.RequestMappingHandlerMapping - Mapped "{[/noc/updateDfzypShl]}" onto public com.htxx.dto.ResultMap com.htxx.controller.basic.ShlController.updateDfzypShl(javax.servlet.http.HttpServletRequest,com.htxx.entity.DfzypShl)
08:54:07.154 INFO  [           main] o.s.w.s.m.m.a.RequestMappingHandlerMapping - Mapped "{[/main/drDjxgShl]}" onto public org.springframework.web.servlet.ModelAndView com.htxx.controller.basic.ShlController.drDjxgShl(java.util.Map<java.lang.String, java.lang.Object>)
08:54:07.155 INFO  [           main] o.s.w.s.m.m.a.RequestMappingHandlerMapping - Mapped "{[/noc/updateDfdjxgShl]}" onto public com.htxx.dto.ResultMap com.htxx.controller.basic.ShlController.updateDfdjxgShl(javax.servlet.http.HttpServletRequest,com.htxx.entity.DfdjxgShl)
08:54:07.155 INFO  [           main] o.s.w.s.m.m.a.RequestMappingHandlerMapping - Mapped "{[/noc/insertDfdjxgShl]}" onto public com.htxx.dto.ResultMap com.htxx.controller.basic.ShlController.insertDfdjxgShl(javax.servlet.http.HttpServletRequest,com.htxx.entity.DfdjxgShl)
08:54:07.156 INFO  [           main] o.s.w.s.m.m.a.RequestMappingHandlerMapping - Mapped "{[/noc/insertFpsgShl]}" onto public com.htxx.dto.ResultMap com.htxx.controller.basic.ShlController.insertFpsgShl(javax.servlet.http.HttpServletRequest,com.htxx.entity.FpsgShl)
08:54:07.156 INFO  [           main] o.s.w.s.m.m.a.RequestMappingHandlerMapping - Mapped "{[/noc/delDfdjxgShl]}" onto public com.htxx.dto.ResultMap com.htxx.controller.basic.ShlController.delDfdjxgShl(java.util.Map<java.lang.String, java.lang.Object>,javax.servlet.http.HttpServletRequest)
08:54:07.156 INFO  [           main] o.s.w.s.m.m.a.RequestMappingHandlerMapping - Mapped "{[/main/drShl]}" onto public org.springframework.web.servlet.ModelAndView com.htxx.controller.basic.ShlController.drShl(java.util.Map<java.lang.String, java.lang.Object>)
08:54:07.157 INFO  [           main] o.s.w.s.m.m.a.RequestMappingHandlerMapping - Mapped "{[/noc/delDfzypShl]}" onto public com.htxx.dto.ResultMap com.htxx.controller.basic.ShlController.delDfzypShl(java.util.Map<java.lang.String, java.lang.Object>,javax.servlet.http.HttpServletRequest)
08:54:07.157 INFO  [           main] o.s.w.s.m.m.a.RequestMappingHandlerMapping - Mapped "{[/main/dfzypShl]}" onto public java.lang.String com.htxx.controller.basic.ShlController.dfzypShl()
08:54:07.158 INFO  [           main] o.s.w.s.m.m.a.RequestMappingHandlerMapping - Mapped "{[/main/dfdjxgShl]}" onto public java.lang.String com.htxx.controller.basic.ShlController.dfdjxgShl()
08:54:07.158 INFO  [           main] o.s.w.s.m.m.a.RequestMappingHandlerMapping - Mapped "{[/noc/dfzypShlList]}" onto public java.lang.Object com.htxx.controller.basic.ShlController.dfzypShlList(java.util.Map<java.lang.String, java.lang.Object>,javax.servlet.http.HttpServletRequest)
08:54:07.158 INFO  [           main] o.s.w.s.m.m.a.RequestMappingHandlerMapping - Mapped "{[/noc/fpsgShlList]}" onto public java.lang.Object com.htxx.controller.basic.ShlController.fpsgShlList(java.util.Map<java.lang.String, java.lang.Object>,javax.servlet.http.HttpServletRequest)
08:54:07.159 INFO  [           main] o.s.w.s.m.m.a.RequestMappingHandlerMapping - Mapped "{[/noc/dfdjxgShlList]}" onto public java.lang.Object com.htxx.controller.basic.ShlController.dfdjxgShlList(java.util.Map<java.lang.String, java.lang.Object>,javax.servlet.http.HttpServletRequest)
08:54:07.159 INFO  [           main] o.s.w.s.m.m.a.RequestMappingHandlerMapping - Mapped "{[/noc/insertDfzypShl]}" onto public com.htxx.dto.ResultMap com.htxx.controller.basic.ShlController.insertDfzypShl(javax.servlet.http.HttpServletRequest,com.htxx.entity.DfzypShl)
08:54:07.160 INFO  [           main] o.s.w.s.m.m.a.RequestMappingHandlerMapping - Mapped "{[/noc/delFpsgShl]}" onto public com.htxx.dto.ResultMap com.htxx.controller.basic.ShlController.delFpsgShl(java.util.Map<java.lang.String, java.lang.Object>,javax.servlet.http.HttpServletRequest)
08:54:07.160 INFO  [           main] o.s.w.s.m.m.a.RequestMappingHandlerMapping - Mapped "{[/main/fpsgShl]}" onto public java.lang.String com.htxx.controller.basic.ShlController.fpsgShl()
08:54:07.161 INFO  [           main] o.s.w.s.m.m.a.RequestMappingHandlerMapping - Mapped "{[/main/action]}" onto public java.lang.String com.htxx.controller.basic.ActionController.action()
08:54:07.162 INFO  [           main] o.s.w.s.m.m.a.RequestMappingHandlerMapping - Mapped "{[/noc/updateAction]}" onto public com.htxx.dto.ResultMap com.htxx.controller.basic.ActionController.updateAction(javax.servlet.http.HttpServletRequest,com.htxx.entity.Action)
08:54:07.165 INFO  [           main] o.s.w.s.m.m.a.RequestMappingHandlerMapping - Mapped "{[/noc/delAction]}" onto public com.htxx.dto.ResultMap com.htxx.controller.basic.ActionController.delAction(java.util.Map<java.lang.String, java.lang.Object>,javax.servlet.http.HttpServletRequest)
08:54:07.166 INFO  [           main] o.s.w.s.m.m.a.RequestMappingHandlerMapping - Mapped "{[/noc/insertAction]}" onto public com.htxx.dto.ResultMap com.htxx.controller.basic.ActionController.insertAction(javax.servlet.http.HttpServletRequest,com.htxx.entity.Action)
08:54:07.167 INFO  [           main] o.s.w.s.m.m.a.RequestMappingHandlerMapping - Mapped "{[/main/editAction]}" onto public org.springframework.web.servlet.ModelAndView com.htxx.controller.basic.ActionController.editAction(java.util.Map<java.lang.String, java.lang.Object>)
08:54:07.168 INFO  [           main] o.s.w.s.m.m.a.RequestMappingHandlerMapping - Mapped "{[/noc/pageActionList]}" onto public java.lang.Object com.htxx.controller.basic.ActionController.pageActionList(java.util.Map<java.lang.String, java.lang.Object>,javax.servlet.http.HttpServletRequest)
08:54:07.169 INFO  [           main] o.s.w.s.m.m.a.RequestMappingHandlerMapping - Mapped "{[/main/addAction]}" onto public java.lang.String com.htxx.controller.basic.ActionController.addAction()
08:54:07.169 INFO  [           main] o.s.w.s.m.m.a.RequestMappingHandlerMapping - Mapped "{[/noc/allActionList]}" onto public java.lang.Object com.htxx.controller.basic.ActionController.allActionList(java.util.Map<java.lang.String, java.lang.Object>,javax.servlet.http.HttpServletRequest)
08:54:07.170 INFO  [           main] o.s.w.s.m.m.a.RequestMappingHandlerMapping - Mapped "{[/noc/insertDepartment]}" onto public com.htxx.dto.ResultMap com.htxx.controller.basic.DepartmentController.insertDepartment(javax.servlet.http.HttpServletRequest,com.htxx.entity.Department)
08:54:07.171 INFO  [           main] o.s.w.s.m.m.a.RequestMappingHandlerMapping - Mapped "{[/main/editDepartment]}" onto public org.springframework.web.servlet.ModelAndView com.htxx.controller.basic.DepartmentController.editDepartment(java.util.Map<java.lang.String, java.lang.Object>)
08:54:07.171 INFO  [           main] o.s.w.s.m.m.a.RequestMappingHandlerMapping - Mapped "{[/noc/allKpjList]}" onto public java.lang.Object com.htxx.controller.basic.DepartmentController.allKpjList(java.util.Map<java.lang.String, java.lang.Object>,javax.servlet.http.HttpServletRequest)
08:54:07.172 INFO  [           main] o.s.w.s.m.m.a.RequestMappingHandlerMapping - Mapped "{[/main/department]}" onto public java.lang.String com.htxx.controller.basic.DepartmentController.department()
08:54:07.175 INFO  [           main] o.s.w.s.m.m.a.RequestMappingHandlerMapping - Mapped "{[/noc/updateDepartment]}" onto public com.htxx.dto.ResultMap com.htxx.controller.basic.DepartmentController.updateDepartment(javax.servlet.http.HttpServletRequest,com.htxx.entity.Department)
08:54:07.176 INFO  [           main] o.s.w.s.m.m.a.RequestMappingHandlerMapping - Mapped "{[/main/addDepartment]}" onto public java.lang.String com.htxx.controller.basic.DepartmentController.addDepartment()
08:54:07.176 INFO  [           main] o.s.w.s.m.m.a.RequestMappingHandlerMapping - Mapped "{[/noc/delDepartment]}" onto public com.htxx.dto.ResultMap com.htxx.controller.basic.DepartmentController.delDepartment(java.util.Map<java.lang.String, java.lang.Object>,javax.servlet.http.HttpServletRequest)
08:54:07.177 INFO  [           main] o.s.w.s.m.m.a.RequestMappingHandlerMapping - Mapped "{[/noc/allDepartmentList]}" onto public java.lang.Object com.htxx.controller.basic.DepartmentController.allDepartmentList(java.util.Map<java.lang.String, java.lang.Object>,javax.servlet.http.HttpServletRequest)
08:54:07.177 INFO  [           main] o.s.w.s.m.m.a.RequestMappingHandlerMapping - Mapped "{[/noc/pageDepartmentList]}" onto public java.lang.Object com.htxx.controller.basic.DepartmentController.pageDepartmentList(java.util.Map<java.lang.String, java.lang.Object>,javax.servlet.http.HttpServletRequest)
08:54:07.178 INFO  [           main] o.s.w.s.m.m.a.RequestMappingHandlerMapping - Mapped "{[/message]}" onto public java.lang.String com.htxx.controller.basic.EnterpriseController.message()
08:54:07.178 INFO  [           main] o.s.w.s.m.m.a.RequestMappingHandlerMapping - Mapped "{[/noc/pageMessageList]}" onto public java.lang.Object com.htxx.controller.basic.EnterpriseController.pageMessageList(java.util.Map<java.lang.String, java.lang.Object>,javax.servlet.http.HttpServletRequest)
08:54:07.178 INFO  [           main] o.s.w.s.m.m.a.RequestMappingHandlerMapping - Mapped "{[/noc/updateEnterprise]}" onto public com.htxx.dto.ResultMap com.htxx.controller.basic.EnterpriseController.updateEnterprise(javax.servlet.http.HttpServletRequest,com.htxx.entity.Enterprise)
08:54:07.178 INFO  [           main] o.s.w.s.m.m.a.RequestMappingHandlerMapping - Mapped "{[/main/addEnterprise]}" onto public java.lang.String com.htxx.controller.basic.EnterpriseController.addEnterprise()
08:54:07.178 INFO  [           main] o.s.w.s.m.m.a.RequestMappingHandlerMapping - Mapped "{[/noc/allMessage]}" onto public java.lang.Object com.htxx.controller.basic.EnterpriseController.allMessage(java.util.Map<java.lang.String, java.lang.Object>,javax.servlet.http.HttpServletRequest)
08:54:07.178 INFO  [           main] o.s.w.s.m.m.a.RequestMappingHandlerMapping - Mapped "{[/noc/delEnterprise]}" onto public com.htxx.dto.ResultMap com.htxx.controller.basic.EnterpriseController.delEnterprise(java.util.Map<java.lang.String, java.lang.Object>,javax.servlet.http.HttpServletRequest)
08:54:07.178 INFO  [           main] o.s.w.s.m.m.a.RequestMappingHandlerMapping - Mapped "{[/main/editEnterprise]}" onto public org.springframework.web.servlet.ModelAndView com.htxx.controller.basic.EnterpriseController.editEnterprise(java.util.Map<java.lang.String, java.lang.Object>)
08:54:07.178 INFO  [           main] o.s.w.s.m.m.a.RequestMappingHandlerMapping - Mapped "{[/noc/updateKpjxx]}" onto public com.htxx.dto.ResultMap com.htxx.controller.basic.EnterpriseController.updateKpjxx(javax.servlet.http.HttpServletRequest,com.htxx.entity.Kpjxx)
08:54:07.178 INFO  [           main] o.s.w.s.m.m.a.RequestMappingHandlerMapping - Mapped "{[/viewMessage]}" onto public org.springframework.web.servlet.ModelAndView com.htxx.controller.basic.EnterpriseController.viewMessage(java.util.Map<java.lang.String, java.lang.Object>)
08:54:07.178 INFO  [           main] o.s.w.s.m.m.a.RequestMappingHandlerMapping - Mapped "{[/noc/pageStockList]}" onto public java.lang.Object com.htxx.controller.basic.EnterpriseController.pageStockList(java.util.Map<java.lang.String, java.lang.Object>,javax.servlet.http.HttpServletRequest)
08:54:07.178 INFO  [           main] o.s.w.s.m.m.a.RequestMappingHandlerMapping - Mapped "{[/noc/insertKpjxx]}" onto public com.htxx.dto.ResultMap com.htxx.controller.basic.EnterpriseController.insertKpjxx(javax.servlet.http.HttpServletRequest,com.htxx.entity.Kpjxx)
08:54:07.178 INFO  [           main] o.s.w.s.m.m.a.RequestMappingHandlerMapping - Mapped "{[/noc/insertEnterprise]}" onto public com.htxx.dto.ResultMap com.htxx.controller.basic.EnterpriseController.insertEnterprise(javax.servlet.http.HttpServletRequest,com.htxx.entity.Enterprise)
08:54:07.178 INFO  [           main] o.s.w.s.m.m.a.RequestMappingHandlerMapping - Mapped "{[/noc/pageEnterpriseList]}" onto public java.lang.Object com.htxx.controller.basic.EnterpriseController.pageEnterpriseList(java.util.Map<java.lang.String, java.lang.Object>,javax.servlet.http.HttpServletRequest)
08:54:07.178 INFO  [           main] o.s.w.s.m.m.a.RequestMappingHandlerMapping - Mapped "{[/main/enterprise]}" onto public java.lang.String com.htxx.controller.basic.EnterpriseController.enterprise()
08:54:07.178 INFO  [           main] o.s.w.s.m.m.a.RequestMappingHandlerMapping - Mapped "{[/main/myEnterprise]}" onto public org.springframework.web.servlet.ModelAndView com.htxx.controller.basic.EnterpriseController.enterprise(javax.servlet.http.HttpServletRequest)
08:54:07.178 INFO  [           main] o.s.w.s.m.m.a.RequestMappingHandlerMapping - Mapped "{[/noc/kpjxxList]}" onto public java.lang.Object com.htxx.controller.basic.EnterpriseController.kpjxxList(java.util.Map<java.lang.String, java.lang.Object>,javax.servlet.http.HttpServletRequest)
08:54:07.188 INFO  [           main] o.s.w.s.m.m.a.RequestMappingHandlerMapping - Mapped "{[/noc/invoice/getStoreList],methods=[POST]}" onto public java.lang.Object com.htxx.controller.invoicemanage.StoreDistributeController.getStoreList(java.util.Map<java.lang.String, java.lang.Object>) throws java.lang.Exception
08:54:07.188 INFO  [           main] o.s.w.s.m.m.a.RequestMappingHandlerMapping - Mapped "{[/noc/invoice/confirmStore/{stockId}],methods=[POST]}" onto public java.lang.Object com.htxx.controller.invoicemanage.StoreDistributeController.confirmStore(java.lang.Long)
08:54:07.188 INFO  [           main] o.s.w.s.m.m.a.RequestMappingHandlerMapping - Mapped "{[/noc/invoice/toStockLogPage/{stockId}],methods=[GET]}" onto public org.springframework.web.servlet.ModelAndView com.htxx.controller.invoicemanage.StoreDistributeController.toStoreLogPage(java.lang.Long)
08:54:07.188 INFO  [           main] o.s.w.s.m.m.a.RequestMappingHandlerMapping - Mapped "{[/noc/invoice/returnDistribute/{stockId}],methods=[POST]}" onto public java.lang.Object com.htxx.controller.invoicemanage.StoreDistributeController.returnDistribute(java.lang.Long)
08:54:07.188 INFO  [           main] o.s.w.s.m.m.a.RequestMappingHandlerMapping - Mapped "{[/noc/invoice/addOrUpdateStore],methods=[POST]}" onto public java.lang.Object com.htxx.controller.invoicemanage.StoreDistributeController.addOrUpdateStore()
08:54:07.188 INFO  [           main] o.s.w.s.m.m.a.RequestMappingHandlerMapping - Mapped "{[/noc/invoice/exportFfLogExcel]}" onto public void com.htxx.controller.invoicemanage.StoreDistributeController.exportFfLogExcel(java.util.Map<java.lang.String, java.lang.Object>)
08:54:07.188 INFO  [           main] o.s.w.s.m.m.a.RequestMappingHandlerMapping - Mapped "{[/noc/invoice/getStockLog],methods=[POST]}" onto public java.lang.Object com.htxx.controller.invoicemanage.StoreDistributeController.getStoreLog(java.util.Map<java.lang.String, java.lang.Object>)
08:54:07.188 INFO  [           main] o.s.w.s.m.m.a.RequestMappingHandlerMapping - Mapped "{[/noc/invoice/addDistribute],methods=[POST]}" onto public java.lang.Object com.htxx.controller.invoicemanage.StoreDistributeController.addDistribute(com.htxx.pojo.DistributeParams)
08:54:07.188 INFO  [           main] o.s.w.s.m.m.a.RequestMappingHandlerMapping - Mapped "{[/noc/invoice/exportStoreLog],methods=[POST]}" onto public void com.htxx.controller.invoicemanage.StoreDistributeController.exportStoreLog(java.util.Map<java.lang.String, java.lang.Object>)
08:54:07.188 INFO  [           main] o.s.w.s.m.m.a.RequestMappingHandlerMapping - Mapped "{[/noc/invoice/getInvoiceStockCheck],methods=[POST]}" onto public java.lang.Object com.htxx.controller.invoicemanage.StoreDistributeController.getInvoiceStockCheck(com.htxx.pojo.UpdateInvoiceStockParams)
08:54:07.198 INFO  [           main] o.s.w.s.m.m.a.RequestMappingHandlerMapping - Mapped "{[/noc/invoice/updateInvoiceStock],methods=[POST]}" onto public java.lang.Object com.htxx.controller.invoicemanage.StoreDistributeController.updateInvoiceStock(com.htxx.pojo.UpdateInvoiceStockParams)
08:54:07.198 INFO  [           main] o.s.w.s.m.m.a.RequestMappingHandlerMapping - Mapped "{[/noc/invoice/toDistributePage/{fplx}/{id}]}" onto public org.springframework.web.servlet.ModelAndView com.htxx.controller.invoicemanage.StoreDistributeController.getDistributeDetailById(java.lang.String,java.lang.Long)
08:54:07.198 INFO  [           main] o.s.w.s.m.m.a.RequestMappingHandlerMapping - Mapped "{[/noc/invoice/toDistributeOperatePage/{fplx}/{id}]}" onto public org.springframework.web.servlet.ModelAndView com.htxx.controller.invoicemanage.StoreDistributeController.getDistributeInputById(java.lang.String,java.lang.Long)
08:54:07.198 INFO  [           main] o.s.w.s.m.m.a.RequestMappingHandlerMapping - Mapped "{[/noc/invoice/getDistributeLogList],methods=[POST]}" onto public java.lang.Object com.htxx.controller.invoicemanage.StoreDistributeController.getDistributeLogList(java.util.Map<java.lang.String, java.lang.Object>)
08:54:07.198 INFO  [           main] o.s.w.s.m.m.a.RequestMappingHandlerMapping - Mapped "{[/noc/invoice/getInvoiceStockCount],methods=[POST]}" onto public java.lang.Object com.htxx.controller.invoicemanage.StoreDistributeController.getInvoiceStockCount(java.lang.String,java.lang.String,java.lang.String)
08:54:07.198 INFO  [           main] o.s.w.s.m.m.a.RequestMappingHandlerMapping - Mapped "{[/noc/invoice/getStoreListForFf/{stockId}],methods=[GET]}" onto public java.lang.Object com.htxx.controller.invoicemanage.StoreDistributeController.getStoreListForFf(java.lang.Long) throws java.lang.Exception
08:54:07.198 INFO  [           main] o.s.w.s.m.m.a.RequestMappingHandlerMapping - Mapped "{[/main]}" onto public org.springframework.web.servlet.ModelAndView com.htxx.controller.PageController.index()
08:54:07.198 INFO  [           main] o.s.w.s.m.m.a.RequestMappingHandlerMapping - Mapped "{[/form]}" onto public java.lang.String com.htxx.controller.PageController.form()
08:54:07.198 INFO  [           main] o.s.w.s.m.m.a.RequestMappingHandlerMapping - Mapped "{[/table]}" onto public java.lang.String com.htxx.controller.PageController.table()
08:54:07.198 INFO  [           main] o.s.w.s.m.m.a.RequestMappingHandlerMapping - Mapped "{[/echarts]}" onto public java.lang.String com.htxx.controller.PageController.echarts()
08:54:07.198 INFO  [           main] o.s.w.s.m.m.a.RequestMappingHandlerMapping - Mapped "{[/login]}" onto public java.lang.String com.htxx.controller.PageController.login()
08:54:07.198 INFO  [           main] o.s.w.s.m.m.a.RequestMappingHandlerMapping - Mapped "{[/loading]}" onto public java.lang.String com.htxx.controller.PageController.loading()
08:54:07.198 INFO  [           main] o.s.w.s.m.m.a.RequestMappingHandlerMapping - Mapped "{[/main/statistics/invoiceAnalysis/default]}" onto public org.springframework.web.servlet.ModelAndView com.htxx.controller.PageController.invoiceAnalysis(org.springframework.web.servlet.ModelAndView)
08:54:07.198 INFO  [           main] o.s.w.s.m.m.a.RequestMappingHandlerMapping - Mapped "{[/main/statistics/monthStatistics/default]}" onto public org.springframework.web.servlet.ModelAndView com.htxx.controller.PageController.monthStatistics(org.springframework.web.servlet.ModelAndView)
08:54:07.198 INFO  [           main] o.s.w.s.m.m.a.RequestMappingHandlerMapping - Mapped "{[/popup-form]}" onto public java.lang.String com.htxx.controller.PageController.popupform(org.springframework.web.servlet.ModelAndView,org.springframework.web.bind.annotation.PathVariable)
08:54:07.198 INFO  [           main] o.s.w.s.m.m.a.RequestMappingHandlerMapping - Mapped "{[/form2]}" onto public java.lang.String com.htxx.controller.PageController.form2()
08:54:07.198 INFO  [           main] o.s.w.s.m.m.a.RequestMappingHandlerMapping - Mapped "{[/data-abstract]}" onto public java.lang.String com.htxx.controller.PageController.data_abstract()
08:54:07.198 INFO  [           main] o.s.w.s.m.m.a.RequestMappingHandlerMapping - Mapped "{[/home]}" onto public org.springframework.web.servlet.ModelAndView com.htxx.controller.PageController.home(javax.servlet.http.HttpServletRequest)
08:54:07.198 INFO  [           main] o.s.w.s.m.m.a.RequestMappingHandlerMapping - Mapped "{[/main/statistics/terminalInvoiceAnalysis/default]}" onto public org.springframework.web.servlet.ModelAndView com.htxx.controller.PageController.terminalInvoiceAnalysis(org.springframework.web.servlet.ModelAndView)
08:54:07.198 INFO  [           main] o.s.w.s.m.m.a.RequestMappingHandlerMapping - Mapped "{[/main/highPower/ykfpMng/default]}" onto public org.springframework.web.servlet.ModelAndView com.htxx.controller.PageController.ykfp(org.springframework.web.servlet.ModelAndView)
08:54:07.198 INFO  [           main] o.s.w.s.m.m.a.RequestMappingHandlerMapping - Mapped "{[/main/highPower/invoiceMng/default]}" onto public java.lang.String com.htxx.controller.PageController.invoice()
08:54:07.208 INFO  [           main] o.s.w.s.m.m.a.RequestMappingHandlerMapping - Mapped "{[/main/highPower/notice/default]}" onto public java.lang.String com.htxx.controller.PageController.notice()
08:54:07.213 INFO  [           main] o.s.w.s.m.m.a.RequestMappingHandlerMapping - Mapped "{[/error]}" onto public org.springframework.http.ResponseEntity<java.util.Map<java.lang.String, java.lang.Object>> org.springframework.boot.autoconfigure.web.servlet.error.BasicErrorController.error(javax.servlet.http.HttpServletRequest)
08:54:07.214 INFO  [           main] o.s.w.s.m.m.a.RequestMappingHandlerMapping - Mapped "{[/error],produces=[text/html]}" onto public org.springframework.web.servlet.ModelAndView org.springframework.boot.autoconfigure.web.servlet.error.BasicErrorController.errorHtml(javax.servlet.http.HttpServletRequest,javax.servlet.http.HttpServletResponse)
08:54:07.241 INFO  [           main] o.s.w.s.h.SimpleUrlHandlerMapping - Root mapping to handler of type [class org.springframework.web.servlet.mvc.ParameterizableViewController]
08:54:07.256 INFO  [           main] o.s.w.s.h.SimpleUrlHandlerMapping - Mapped URL path [/webjars/**] onto handler of type [class org.springframework.web.servlet.resource.ResourceHttpRequestHandler]
08:54:07.256 INFO  [           main] o.s.w.s.h.SimpleUrlHandlerMapping - Mapped URL path [/**] onto handler of type [class org.springframework.web.servlet.resource.ResourceHttpRequestHandler]
08:54:07.256 INFO  [           main] o.s.w.s.h.SimpleUrlHandlerMapping - Mapped URL path [/static/**] onto handler of type [class org.springframework.web.servlet.resource.ResourceHttpRequestHandler]
08:54:07.287 INFO  [           main] o.s.w.s.m.m.a.ExceptionHandlerExceptionResolver - Detected @ExceptionHandler methods in globalDefultExceptionHandler
08:54:07.391 INFO  [           main] o.s.b.a.w.s.WelcomePageHandlerMapping - Adding welcome page template: index
08:54:07.874 INFO  [           main] o.s.j.e.a.AnnotationMBeanExporter - Registering beans for JMX exposure on startup
08:54:07.874 INFO  [           main] o.s.j.e.a.AnnotationMBeanExporter - Bean with name 'dataSource' has been autodetected for JMX exposure
08:54:07.884 INFO  [           main] o.s.j.e.a.AnnotationMBeanExporter - Located MBean 'dataSource': registering with JMX server as MBean [com.alibaba.druid.pool:name=dataSource,type=DruidDataSource]
08:54:07.894 INFO  [           main] o.a.c.http11.Http11NioProtocol - Starting ProtocolHandler ["http-nio-8802"]
08:54:07.914 INFO  [           main] o.a.t.util.net.NioSelectorPool - Using a shared selector for servlet write/read
08:54:07.934 INFO  [           main] o.s.b.w.e.t.TomcatWebServer - Tomcat started on port(s): 8802 (http) with context path ''
08:54:07.944 INFO  [           main] c.h.a.QdPowerCompanyApplication - Started QdPowerCompanyApplication in 6.087 seconds (JVM running for 6.682)
08:54:18.523 INFO  [nio-8802-exec-1] o.a.c.c.C.[.[localhost].[/] - Initializing Spring FrameworkServlet 'dispatcherServlet'
08:54:18.533 INFO  [nio-8802-exec-1] o.s.w.s.DispatcherServlet - FrameworkServlet 'dispatcherServlet': initialization started
08:54:18.573 INFO  [nio-8802-exec-1] o.s.w.s.DispatcherServlet - FrameworkServlet 'dispatcherServlet': initialization completed in 40 ms
08:54:18.643 INFO  [nio-8802-exec-2] c.h.interceptor.WebLogAspect - ¡¾**** URL ****¡¿: http://localhost:8802/login
08:54:18.643 INFO  [nio-8802-exec-2] c.h.interceptor.WebLogAspect - ¡¾**** HTTP_METHOD ****¡¿: GET
08:54:18.643 INFO  [nio-8802-exec-2] c.h.interceptor.WebLogAspect - ¡¾**** IP ****¡¿: 0:0:0:0:0:0:0:1
08:54:18.643 INFO  [nio-8802-exec-2] c.h.interceptor.WebLogAspect - ¡¾**** CLASS_METHOD ****¡¿: com.htxx.controller.PageController.login
08:54:18.643 INFO  [nio-8802-exec-2] c.h.interceptor.WebLogAspect - ¡¾**** ARGS ****¡¿: 
[]
08:54:18.643 INFO  [nio-8802-exec-2] c.h.interceptor.WebLogAspect - ¡¾**** RESPONSE ****¡¿: login
08:54:18.643 INFO  [nio-8802-exec-2] c.h.interceptor.WebLogAspect - ¡¾**** SPEND TIME ****¡¿: 0ms
08:54:19.013 INFO  [nio-8802-exec-7] c.h.interceptor.WebLogAspect - ¡¾**** URL ****¡¿: http://localhost:8802/code/getCode
08:54:19.013 INFO  [nio-8802-exec-7] c.h.interceptor.WebLogAspect - ¡¾**** HTTP_METHOD ****¡¿: GET
08:54:19.013 INFO  [nio-8802-exec-7] c.h.interceptor.WebLogAspect - ¡¾**** IP ****¡¿: 0:0:0:0:0:0:0:1
08:54:19.013 INFO  [nio-8802-exec-7] c.h.interceptor.WebLogAspect - ¡¾**** CLASS_METHOD ****¡¿: com.htxx.controller.CodeController.getCode
08:54:19.013 INFO  [nio-8802-exec-7] c.h.interceptor.WebLogAspect - ¡¾**** ARGS ****¡¿: 
[org.apache.catalina.connector.RequestFacade@7844a1d4, org.apache.catalina.connector.ResponseFacade@7c7b3a04]
08:54:19.723 INFO  [nio-8802-exec-7] c.h.interceptor.WebLogAspect - ¡¾**** RESPONSE ****¡¿: null
08:54:19.723 INFO  [nio-8802-exec-7] c.h.interceptor.WebLogAspect - ¡¾**** SPEND TIME ****¡¿: 710ms
08:54:27.505 INFO  [nio-8802-exec-6] c.a.druid.pool.DruidDataSource - {dataSource-1} inited
08:54:28.014 INFO  [nio-8802-exec-5] c.h.interceptor.WebLogAspect - ¡¾**** URL ****¡¿: http://localhost:8802/main
08:54:28.014 INFO  [nio-8802-exec-5] c.h.interceptor.WebLogAspect - ¡¾**** HTTP_METHOD ****¡¿: GET
08:54:28.014 INFO  [nio-8802-exec-5] c.h.interceptor.WebLogAspect - ¡¾**** IP ****¡¿: 0:0:0:0:0:0:0:1
08:54:28.014 INFO  [nio-8802-exec-5] c.h.interceptor.WebLogAspect - ¡¾**** CLASS_METHOD ****¡¿: com.htxx.controller.PageController.index
08:54:28.014 INFO  [nio-8802-exec-5] c.h.interceptor.WebLogAspect - ¡¾**** ARGS ****¡¿: 
[]
08:54:28.097 INFO  [nio-8802-exec-5] c.h.interceptor.WebLogAspect - ¡¾**** RESPONSE ****¡¿: ModelAndView: reference to view with name 'index'; model is {actions=[com.htxx.entity.Action@4635f2a, com.htxx.entity.Action@7d0a741f, com.htxx.entity.Action@7bdae089, com.htxx.entity.Action@4fe35ea0, com.htxx.entity.Action@51e7d279, com.htxx.entity.Action@7f63fed6, com.htxx.entity.Action@5391871b]}
08:54:28.097 INFO  [nio-8802-exec-5] c.h.interceptor.WebLogAspect - ¡¾**** SPEND TIME ****¡¿: 83ms
08:54:28.320 INFO  [nio-8802-exec-4] c.h.interceptor.WebLogAspect - ¡¾**** URL ****¡¿: http://localhost:8802/home
08:54:28.323 INFO  [nio-8802-exec-4] c.h.interceptor.WebLogAspect - ¡¾**** HTTP_METHOD ****¡¿: GET
08:54:28.324 INFO  [nio-8802-exec-4] c.h.interceptor.WebLogAspect - ¡¾**** IP ****¡¿: 0:0:0:0:0:0:0:1
08:54:28.324 INFO  [nio-8802-exec-4] c.h.interceptor.WebLogAspect - ¡¾**** CLASS_METHOD ****¡¿: com.htxx.controller.PageController.home
08:54:28.325 INFO  [nio-8802-exec-4] c.h.interceptor.WebLogAspect - ¡¾**** ARGS ****¡¿: 
[org.apache.catalina.connector.RequestFacade@240e0604]
08:54:28.457 INFO  [nio-8802-exec-4] c.h.interceptor.WebLogAspect - ¡¾**** RESPONSE ****¡¿: ModelAndView: reference to view with name 'home'; model is {messages=Page{count=true, pageNum=1, pageSize=10, startRow=0, endRow=10, total=1, pages=1, countSignal=false, orderBy='null', orderByOnly=false, reasonable=false, pageSizeZero=false}}
08:54:28.458 INFO  [nio-8802-exec-4] c.h.interceptor.WebLogAspect - ¡¾**** SPEND TIME ****¡¿: 138ms
