08:27:05.544 INFO  [nio-8802-exec-3] c.h.interceptor.WebLogAspect - 【**** URL ****】: http://192.168.200.127:8802/login
08:27:05.695 INFO  [nio-8802-exec-3] c.h.interceptor.WebLogAspect - 【**** HTTP_METHOD ****】: GET
08:27:05.696 INFO  [nio-8802-exec-3] c.h.interceptor.WebLogAspect - 【**** IP ****】: 192.168.200.112
08:27:05.696 INFO  [nio-8802-exec-3] c.h.interceptor.WebLogAspect - 【**** CLASS_METHOD ****】: com.htxx.controller.PageController.login
08:27:05.696 INFO  [nio-8802-exec-3] c.h.interceptor.WebLogAspect - 【**** ARGS ****】: 
[]
08:27:05.697 INFO  [nio-8802-exec-3] c.h.interceptor.WebLogAspect - 【**** RESPONSE ****】: login
08:27:05.702 INFO  [nio-8802-exec-3] c.h.interceptor.WebLogAspect - 【**** SPEND TIME ****】: 158ms
08:27:05.782 INFO  [nio-8802-exec-4] c.h.interceptor.WebLogAspect - 【**** URL ****】: http://192.168.200.127:8802/code/getCode
08:27:05.783 INFO  [nio-8802-exec-4] c.h.interceptor.WebLogAspect - 【**** HTTP_METHOD ****】: GET
08:27:05.783 INFO  [nio-8802-exec-4] c.h.interceptor.WebLogAspect - 【**** IP ****】: 192.168.200.112
08:27:05.784 INFO  [nio-8802-exec-4] c.h.interceptor.WebLogAspect - 【**** CLASS_METHOD ****】: com.htxx.controller.CodeController.getCode
08:27:05.784 INFO  [nio-8802-exec-4] c.h.interceptor.WebLogAspect - 【**** ARGS ****】: 
[org.apache.catalina.connector.RequestFacade@64156bb6, org.apache.catalina.connector.ResponseFacade@675ac2ff]
08:27:05.801 INFO  [nio-8802-exec-4] c.h.interceptor.WebLogAspect - 【**** RESPONSE ****】: null
08:27:05.801 INFO  [nio-8802-exec-4] c.h.interceptor.WebLogAspect - 【**** SPEND TIME ****】: 19ms
08:27:17.199 INFO  [nio-8802-exec-4] c.h.interceptor.WebLogAspect - 【**** URL ****】: http://192.168.200.127:8802/main
08:27:17.199 INFO  [nio-8802-exec-4] c.h.interceptor.WebLogAspect - 【**** HTTP_METHOD ****】: GET
08:27:17.200 INFO  [nio-8802-exec-4] c.h.interceptor.WebLogAspect - 【**** IP ****】: 192.168.200.112
08:27:17.200 INFO  [nio-8802-exec-4] c.h.interceptor.WebLogAspect - 【**** CLASS_METHOD ****】: com.htxx.controller.PageController.index
08:27:17.200 INFO  [nio-8802-exec-4] c.h.interceptor.WebLogAspect - 【**** ARGS ****】: 
[]
08:27:17.227 INFO  [nio-8802-exec-4] c.h.interceptor.WebLogAspect - 【**** RESPONSE ****】: ModelAndView: reference to view with name 'index'; model is {actions=[com.htxx.entity.Action@3c5d709a, com.htxx.entity.Action@2494ec8c, com.htxx.entity.Action@403b704b, com.htxx.entity.Action@58d20f71, com.htxx.entity.Action@fdc7d51, com.htxx.entity.Action@c2f10aa, com.htxx.entity.Action@178d904c]}
08:27:17.228 INFO  [nio-8802-exec-4] c.h.interceptor.WebLogAspect - 【**** SPEND TIME ****】: 29ms
08:27:17.362 INFO  [nio-8802-exec-2] c.h.interceptor.WebLogAspect - 【**** URL ****】: http://192.168.200.127:8802/home
08:27:17.362 INFO  [nio-8802-exec-2] c.h.interceptor.WebLogAspect - 【**** HTTP_METHOD ****】: GET
08:27:17.363 INFO  [nio-8802-exec-2] c.h.interceptor.WebLogAspect - 【**** IP ****】: 192.168.200.112
08:27:17.363 INFO  [nio-8802-exec-2] c.h.interceptor.WebLogAspect - 【**** CLASS_METHOD ****】: com.htxx.controller.PageController.home
08:27:17.363 INFO  [nio-8802-exec-2] c.h.interceptor.WebLogAspect - 【**** ARGS ****】: 
[org.apache.catalina.connector.RequestFacade@e9b90d4]
08:27:17.373 INFO  [nio-8802-exec-2] c.h.interceptor.WebLogAspect - 【**** RESPONSE ****】: ModelAndView: reference to view with name 'home'; model is {messages=Page{count=true, pageNum=1, pageSize=10, startRow=0, endRow=10, total=1, pages=1, countSignal=false, orderBy='null', orderByOnly=false, reasonable=false, pageSizeZero=false}}
08:27:17.373 INFO  [nio-8802-exec-2] c.h.interceptor.WebLogAspect - 【**** SPEND TIME ****】: 11ms
08:27:19.451 INFO  [nio-8802-exec-2] c.h.interceptor.WebLogAspect - 【**** URL ****】: http://192.168.200.127:8802/main/highPower/notice/default
08:27:19.452 INFO  [nio-8802-exec-2] c.h.interceptor.WebLogAspect - 【**** HTTP_METHOD ****】: GET
08:27:19.453 INFO  [nio-8802-exec-2] c.h.interceptor.WebLogAspect - 【**** IP ****】: 192.168.200.112
08:27:19.453 INFO  [nio-8802-exec-2] c.h.interceptor.WebLogAspect - 【**** CLASS_METHOD ****】: com.htxx.controller.PageController.notice
08:27:19.454 INFO  [nio-8802-exec-2] c.h.interceptor.WebLogAspect - 【**** ARGS ****】: 
[]
08:27:19.454 INFO  [nio-8802-exec-2] c.h.interceptor.WebLogAspect - 【**** RESPONSE ****】: highPower/noticeManagement
08:27:19.455 INFO  [nio-8802-exec-2] c.h.interceptor.WebLogAspect - 【**** SPEND TIME ****】: 4ms
08:27:19.601 INFO  [nio-8802-exec-7] c.h.s.i.HighPowerNoticeServiceImpl - pageMsg:PageMsg(page=1, limit=10, count=0, code=null, msg=null, data=null, entity=null)
08:27:19.601 INFO  [nio-8802-exec-7] c.h.s.i.HighPowerNoticeServiceImpl - Notice:Notice(id=0, hm=null, zh=null, gzdh=null, je=null, jfbz=null, status=null, createTime=null, fjh=null, kpzdh=null, fpzl=null, kplx=null, xfsh=null, xfmc=null, xfdzdh=null, xfyhzh=null, gfsh=null, gfmc=null, gfdzdh=null, gfyhzh=null, kpr=null, skr=null, fhr=null, qdbz=0, jshj=null, hjje=null, hjse=null, bmbbh=null, bz=null, sj=null, email=null, ywlx=null, employeeId=null, enterpriseId=null, noticeDelList=null, jeMin=null, jeMax=null, createTimeMin=null, createTimeMax=null)
08:27:20.364 INFO  [nio-8802-exec-1] c.h.interceptor.WebLogAspect - 【**** URL ****】: http://192.168.200.127:8802/main/highPower/invoiceMng/default
08:27:20.364 INFO  [nio-8802-exec-1] c.h.interceptor.WebLogAspect - 【**** HTTP_METHOD ****】: GET
08:27:20.364 INFO  [nio-8802-exec-1] c.h.interceptor.WebLogAspect - 【**** IP ****】: 192.168.200.112
08:27:20.364 INFO  [nio-8802-exec-1] c.h.interceptor.WebLogAspect - 【**** CLASS_METHOD ****】: com.htxx.controller.PageController.invoice
08:27:20.364 INFO  [nio-8802-exec-1] c.h.interceptor.WebLogAspect - 【**** ARGS ****】: 
[]
08:27:20.364 INFO  [nio-8802-exec-1] c.h.interceptor.WebLogAspect - 【**** RESPONSE ****】: highPower/invoiceMng
08:27:20.364 INFO  [nio-8802-exec-1] c.h.interceptor.WebLogAspect - 【**** SPEND TIME ****】: 0ms
08:27:20.555 INFO  [nio-8802-exec-8] c.h.s.i.HighPowerNoticeServiceImpl - pageMsg:PageMsg(page=1, limit=10, count=0, code=null, msg=null, data=null, entity=null)
08:27:20.556 INFO  [nio-8802-exec-8] c.h.s.i.HighPowerNoticeServiceImpl - Notice:Notice(id=0, hm=null, zh=null, gzdh=null, je=null, jfbz=null, status=2, createTime=null, fjh=null, kpzdh=null, fpzl=null, kplx=null, xfsh=null, xfmc=null, xfdzdh=null, xfyhzh=null, gfsh=null, gfmc=null, gfdzdh=null, gfyhzh=null, kpr=null, skr=null, fhr=null, qdbz=0, jshj=null, hjje=null, hjse=null, bmbbh=null, bz=null, sj=null, email=null, ywlx=null, employeeId=null, enterpriseId=null, noticeDelList=null, jeMin=null, jeMax=null, createTimeMin=null, createTimeMax=null)
08:27:21.216 INFO  [nio-8802-exec-4] c.h.interceptor.WebLogAspect - 【**** URL ****】: http://192.168.200.127:8802/main/highPower/ykfpMng/default
08:27:21.216 INFO  [nio-8802-exec-4] c.h.interceptor.WebLogAspect - 【**** HTTP_METHOD ****】: GET
08:27:21.216 INFO  [nio-8802-exec-4] c.h.interceptor.WebLogAspect - 【**** IP ****】: 192.168.200.112
08:27:21.216 INFO  [nio-8802-exec-4] c.h.interceptor.WebLogAspect - 【**** CLASS_METHOD ****】: com.htxx.controller.PageController.ykfp
08:27:21.217 INFO  [nio-8802-exec-4] c.h.interceptor.WebLogAspect - 【**** ARGS ****】: 
[ModelAndView: materialized View is [null]; model is null]
08:27:21.234 INFO  [nio-8802-exec-4] c.h.interceptor.WebLogAspect - 【**** RESPONSE ****】: ModelAndView: reference to view with name 'highPower/ykfpMng'; model is {kpjxxList=[Kpjxx(id=7, enterpriseId=1, deptId=null, deptName=null, name=主机, nickName=开票机0, code=0, createTime=2018-11-06 08:41:36.0, updateTime=null, isDel=0, checked=false), Kpjxx(id=8, enterpriseId=1, deptId=null, deptName=null, name=开票机1, nickName=开票机1, code=1, createTime=2018-11-06 09:22:53.0, updateTime=null, isDel=0, checked=false), Kpjxx(id=9, enterpriseId=1, deptId=null, deptName=null, name=开票机2, nickName=纪勇, code=2, createTime=2018-11-06 09:46:47.0, updateTime=2018-11-06 09:46:54.0, isDel=0, checked=false), Kpjxx(id=10, enterpriseId=1, deptId=null, deptName=null, name=开票机3, nickName=开票机3, code=3, createTime=2018-11-09 11:12:38.0, updateTime=null, isDel=0, checked=false), Kpjxx(id=12, enterpriseId=1, deptId=null, deptName=null, name=开票机4, nickName=开票机4, code=4, createTime=2018-11-13 11:26:05.0, updateTime=null, isDel=0, checked=false), Kpjxx(id=13, enterpriseId=1, deptId=null, deptName=null, name=开票机5, nickName=开票机121, code=5, createTime=2018-11-14 14:41:55.0, updateTime=2018-11-14 14:42:10.0, isDel=0, checked=false), Kpjxx(id=14, enterpriseId=1, deptId=null, deptName=null, name=开票机6, nickName=开票机6, code=6, createTime=2018-11-27 15:32:03.0, updateTime=null, isDel=0, checked=false), Kpjxx(id=15, enterpriseId=1, deptId=null, deptName=null, name=开票机7, nickName=开票机7, code=7, createTime=2018-11-27 15:52:14.0, updateTime=null, isDel=0, checked=false), Kpjxx(id=16, enterpriseId=1, deptId=null, deptName=null, name=开票机8, nickName=开票机8, code=8, createTime=2018-11-27 15:52:29.0, updateTime=null, isDel=0, checked=false), Kpjxx(id=17, enterpriseId=1, deptId=null, deptName=null, name=开票机9, nickName=开票机9, code=9, createTime=2018-11-27 16:01:46.0, updateTime=null, isDel=0, checked=false), Kpjxx(id=18, enterpriseId=1, deptId=null, deptName=null, name=开票机10, nickName=开票机10, code=10, createTime=2018-11-27 16:02:08.0, updateTime=null, isDel=0, checked=false), Kpjxx(id=19, enterpriseId=1, deptId=null, deptName=null, name=开票机11, nickName=开票机11, code=11, createTime=2018-11-28 14:08:30.0, updateTime=null, isDel=0, checked=false), Kpjxx(id=20, enterpriseId=1, deptId=null, deptName=null, name=开票机12, nickName=开票机12, code=12, createTime=2018-11-28 14:08:40.0, updateTime=null, isDel=0, checked=false)], fplxList=[com.htxx.entity.Fplx@255cb8db, com.htxx.entity.Fplx@5e7c435, com.htxx.entity.Fplx@3ae5e08c]}
08:27:21.234 INFO  [nio-8802-exec-4] c.h.interceptor.WebLogAspect - 【**** SPEND TIME ****】: 18ms
08:27:21.442 INFO  [io-8802-exec-10] c.h.s.i.HighPowerYkfpMngServiceImpl - Ykfp:Ykfp(id=null, djh=null, fjh=null, kpzdh=null, fpzl=null, kplx=null, xfsh=null, xfmc=null, xfdzdh=null, xfyhzh=null, gfsh=null, gfmc=null, gfdzdh=null, gfyhzh=null, kpr=null, skr=null, fhr=null, fpdm=null, fphm=null, yfpdm=null, yfphm=null, qdbz=0, jshj=null, hjje=null, hjse=null, bmbbh=null, bz=null, sj=null, email=null, kpsj=null, chbz=0, zfbz=0, ywlx=2, enterpriseId=null, employeeId=null, chyy=null, ykfpDelList=null, ykfpFpjx=null, sjjxbzStr=null, kpsjMin=null, kpsjMax=null, jshjMin=null, jshjMax=null, fphmMin=null, fphmMax=null)
08:27:23.259 INFO  [nio-8802-exec-5] c.h.c.h.HighPowerNoticeController - 编辑
08:27:23.294 INFO  [nio-8802-exec-5] c.h.c.h.HighPowerNoticeController - Notice(id=34, hm=用户142, zh=123456, gzdh=152127142, je=67.0, jfbz=67, status=1, createTime=2018-11-29 17:34:18, fjh=null, kpzdh=null, fpzl=null, kplx=null, xfsh=null, xfmc=null, xfdzdh=null, xfyhzh=null, gfsh=null, gfmc=null, gfdzdh=null, gfyhzh=null, kpr=null, skr=null, fhr=null, qdbz=0, jshj=null, hjje=null, hjse=null, bmbbh=null, bz=null, sj=null, email=null, ywlx=null, employeeId=null, enterpriseId=null, noticeDelList=null, jeMin=null, jeMax=null, createTimeMin=null, createTimeMax=null)
08:27:25.224 INFO  [nio-8802-exec-1] c.h.s.i.HighPowerNoticeServiceImpl - pageMsg:PageMsg(page=1, limit=10, count=0, code=null, msg=null, data=null, entity=null)
08:27:25.224 INFO  [nio-8802-exec-1] c.h.s.i.HighPowerNoticeServiceImpl - Notice:Notice(id=0, hm=, zh=null, gzdh=null, je=null, jfbz=null, status=0, createTime=null, fjh=null, kpzdh=null, fpzl=null, kplx=null, xfsh=null, xfmc=null, xfdzdh=null, xfyhzh=null, gfsh=null, gfmc=null, gfdzdh=null, gfyhzh=null, kpr=null, skr=null, fhr=null, qdbz=0, jshj=null, hjje=null, hjse=null, bmbbh=null, bz=null, sj=null, email=null, ywlx=null, employeeId=null, enterpriseId=null, noticeDelList=null, jeMin=null, jeMax=null, createTimeMin=, createTimeMax=)
08:30:45.197 ERROR [nio-8802-exec-5] org.thymeleaf.TemplateEngine - [THYMELEAF][http-nio-8802-exec-5] Exception processing template "/dianFeiShouRu/ziYouPiaoList.html": Error resolving template "/dianFeiShouRu/ziYouPiaoList.html", template might not exist or might not be accessible by any of the configured Template Resolvers
org.thymeleaf.exceptions.TemplateInputException: Error resolving template "/dianFeiShouRu/ziYouPiaoList.html", template might not exist or might not be accessible by any of the configured Template Resolvers
	at org.thymeleaf.engine.TemplateManager.resolveTemplate(TemplateManager.java:870)
	at org.thymeleaf.engine.TemplateManager.parseAndProcess(TemplateManager.java:607)
	at org.thymeleaf.TemplateEngine.process(TemplateEngine.java:1098)
	at org.thymeleaf.TemplateEngine.process(TemplateEngine.java:1072)
	at org.thymeleaf.spring5.view.ThymeleafView.renderFragment(ThymeleafView.java:354)
	at org.thymeleaf.spring5.view.ThymeleafView.render(ThymeleafView.java:187)
	at org.springframework.web.servlet.DispatcherServlet.render(DispatcherServlet.java:1325)
	at org.springframework.web.servlet.DispatcherServlet.processDispatchResult(DispatcherServlet.java:1069)
	at org.springframework.web.servlet.DispatcherServlet.doDispatch(DispatcherServlet.java:1008)
	at org.springframework.web.servlet.DispatcherServlet.doService(DispatcherServlet.java:925)
	at org.springframework.web.servlet.FrameworkServlet.processRequest(FrameworkServlet.java:974)
	at org.springframework.web.servlet.FrameworkServlet.doGet(FrameworkServlet.java:866)
	at javax.servlet.http.HttpServlet.service(HttpServlet.java:635)
	at org.springframework.web.servlet.FrameworkServlet.service(FrameworkServlet.java:851)
	at javax.servlet.http.HttpServlet.service(HttpServlet.java:742)
	at org.apache.catalina.core.ApplicationFilterChain.internalDoFilter(ApplicationFilterChain.java:231)
	at org.apache.catalina.core.ApplicationFilterChain.doFilter(ApplicationFilterChain.java:166)
	at org.apache.tomcat.websocket.server.WsFilter.doFilter(WsFilter.java:52)
	at org.apache.catalina.core.ApplicationFilterChain.internalDoFilter(ApplicationFilterChain.java:193)
	at org.apache.catalina.core.ApplicationFilterChain.doFilter(ApplicationFilterChain.java:166)
	at org.springframework.web.filter.RequestContextFilter.doFilterInternal(RequestContextFilter.java:99)
	at org.springframework.web.filter.OncePerRequestFilter.doFilter(OncePerRequestFilter.java:107)
	at org.apache.catalina.core.ApplicationFilterChain.internalDoFilter(ApplicationFilterChain.java:193)
	at org.apache.catalina.core.ApplicationFilterChain.doFilter(ApplicationFilterChain.java:166)
	at org.springframework.web.filter.HttpPutFormContentFilter.doFilterInternal(HttpPutFormContentFilter.java:109)
	at org.springframework.web.filter.OncePerRequestFilter.doFilter(OncePerRequestFilter.java:107)
	at org.apache.catalina.core.ApplicationFilterChain.internalDoFilter(ApplicationFilterChain.java:193)
	at org.apache.catalina.core.ApplicationFilterChain.doFilter(ApplicationFilterChain.java:166)
	at org.springframework.web.filter.HiddenHttpMethodFilter.doFilterInternal(HiddenHttpMethodFilter.java:93)
	at org.springframework.web.filter.OncePerRequestFilter.doFilter(OncePerRequestFilter.java:107)
	at org.apache.catalina.core.ApplicationFilterChain.internalDoFilter(ApplicationFilterChain.java:193)
	at org.apache.catalina.core.ApplicationFilterChain.doFilter(ApplicationFilterChain.java:166)
	at org.springframework.web.filter.CharacterEncodingFilter.doFilterInternal(CharacterEncodingFilter.java:200)
	at org.springframework.web.filter.OncePerRequestFilter.doFilter(OncePerRequestFilter.java:107)
	at org.apache.catalina.core.ApplicationFilterChain.internalDoFilter(ApplicationFilterChain.java:193)
	at org.apache.catalina.core.ApplicationFilterChain.doFilter(ApplicationFilterChain.java:166)
	at org.apache.catalina.core.StandardWrapperValve.invoke(StandardWrapperValve.java:198)
	at org.apache.catalina.core.StandardContextValve.invoke(StandardContextValve.java:96)
	at org.apache.catalina.authenticator.AuthenticatorBase.invoke(AuthenticatorBase.java:493)
	at org.apache.catalina.core.StandardHostValve.invoke(StandardHostValve.java:140)
	at org.apache.catalina.valves.ErrorReportValve.invoke(ErrorReportValve.java:81)
	at org.apache.catalina.core.StandardEngineValve.invoke(StandardEngineValve.java:87)
	at org.apache.catalina.connector.CoyoteAdapter.service(CoyoteAdapter.java:342)
	at org.apache.coyote.http11.Http11Processor.service(Http11Processor.java:800)
	at org.apache.coyote.AbstractProcessorLight.process(AbstractProcessorLight.java:66)
	at org.apache.coyote.AbstractProtocol$ConnectionHandler.process(AbstractProtocol.java:800)
	at org.apache.tomcat.util.net.NioEndpoint$SocketProcessor.doRun(NioEndpoint.java:1471)
	at org.apache.tomcat.util.net.SocketProcessorBase.run(SocketProcessorBase.java:49)
	at java.util.concurrent.ThreadPoolExecutor.runWorker(Unknown Source)
	at java.util.concurrent.ThreadPoolExecutor$Worker.run(Unknown Source)
	at org.apache.tomcat.util.threads.TaskThread$WrappingRunnable.run(TaskThread.java:61)
	at java.lang.Thread.run(Unknown Source)
08:30:45.204 ERROR [nio-8802-exec-5] o.a.c.c.C.[.[.[.[dispatcherServlet] - Servlet.service() for servlet [dispatcherServlet] in context with path [] threw exception [Request processing failed; nested exception is org.thymeleaf.exceptions.TemplateInputException: Error resolving template "/dianFeiShouRu/ziYouPiaoList.html", template might not exist or might not be accessible by any of the configured Template Resolvers] with root cause
org.thymeleaf.exceptions.TemplateInputException: Error resolving template "/dianFeiShouRu/ziYouPiaoList.html", template might not exist or might not be accessible by any of the configured Template Resolvers
	at org.thymeleaf.engine.TemplateManager.resolveTemplate(TemplateManager.java:870)
	at org.thymeleaf.engine.TemplateManager.parseAndProcess(TemplateManager.java:607)
	at org.thymeleaf.TemplateEngine.process(TemplateEngine.java:1098)
	at org.thymeleaf.TemplateEngine.process(TemplateEngine.java:1072)
	at org.thymeleaf.spring5.view.ThymeleafView.renderFragment(ThymeleafView.java:354)
	at org.thymeleaf.spring5.view.ThymeleafView.render(ThymeleafView.java:187)
	at org.springframework.web.servlet.DispatcherServlet.render(DispatcherServlet.java:1325)
	at org.springframework.web.servlet.DispatcherServlet.processDispatchResult(DispatcherServlet.java:1069)
	at org.springframework.web.servlet.DispatcherServlet.doDispatch(DispatcherServlet.java:1008)
	at org.springframework.web.servlet.DispatcherServlet.doService(DispatcherServlet.java:925)
	at org.springframework.web.servlet.FrameworkServlet.processRequest(FrameworkServlet.java:974)
	at org.springframework.web.servlet.FrameworkServlet.doGet(FrameworkServlet.java:866)
	at javax.servlet.http.HttpServlet.service(HttpServlet.java:635)
	at org.springframework.web.servlet.FrameworkServlet.service(FrameworkServlet.java:851)
	at javax.servlet.http.HttpServlet.service(HttpServlet.java:742)
	at org.apache.catalina.core.ApplicationFilterChain.internalDoFilter(ApplicationFilterChain.java:231)
	at org.apache.catalina.core.ApplicationFilterChain.doFilter(ApplicationFilterChain.java:166)
	at org.apache.tomcat.websocket.server.WsFilter.doFilter(WsFilter.java:52)
	at org.apache.catalina.core.ApplicationFilterChain.internalDoFilter(ApplicationFilterChain.java:193)
	at org.apache.catalina.core.ApplicationFilterChain.doFilter(ApplicationFilterChain.java:166)
	at org.springframework.web.filter.RequestContextFilter.doFilterInternal(RequestContextFilter.java:99)
	at org.springframework.web.filter.OncePerRequestFilter.doFilter(OncePerRequestFilter.java:107)
	at org.apache.catalina.core.ApplicationFilterChain.internalDoFilter(ApplicationFilterChain.java:193)
	at org.apache.catalina.core.ApplicationFilterChain.doFilter(ApplicationFilterChain.java:166)
	at org.springframework.web.filter.HttpPutFormContentFilter.doFilterInternal(HttpPutFormContentFilter.java:109)
	at org.springframework.web.filter.OncePerRequestFilter.doFilter(OncePerRequestFilter.java:107)
	at org.apache.catalina.core.ApplicationFilterChain.internalDoFilter(ApplicationFilterChain.java:193)
	at org.apache.catalina.core.ApplicationFilterChain.doFilter(ApplicationFilterChain.java:166)
	at org.springframework.web.filter.HiddenHttpMethodFilter.doFilterInternal(HiddenHttpMethodFilter.java:93)
	at org.springframework.web.filter.OncePerRequestFilter.doFilter(OncePerRequestFilter.java:107)
	at org.apache.catalina.core.ApplicationFilterChain.internalDoFilter(ApplicationFilterChain.java:193)
	at org.apache.catalina.core.ApplicationFilterChain.doFilter(ApplicationFilterChain.java:166)
	at org.springframework.web.filter.CharacterEncodingFilter.doFilterInternal(CharacterEncodingFilter.java:200)
	at org.springframework.web.filter.OncePerRequestFilter.doFilter(OncePerRequestFilter.java:107)
	at org.apache.catalina.core.ApplicationFilterChain.internalDoFilter(ApplicationFilterChain.java:193)
	at org.apache.catalina.core.ApplicationFilterChain.doFilter(ApplicationFilterChain.java:166)
	at org.apache.catalina.core.StandardWrapperValve.invoke(StandardWrapperValve.java:198)
	at org.apache.catalina.core.StandardContextValve.invoke(StandardContextValve.java:96)
	at org.apache.catalina.authenticator.AuthenticatorBase.invoke(AuthenticatorBase.java:493)
	at org.apache.catalina.core.StandardHostValve.invoke(StandardHostValve.java:140)
	at org.apache.catalina.valves.ErrorReportValve.invoke(ErrorReportValve.java:81)
	at org.apache.catalina.core.StandardEngineValve.invoke(StandardEngineValve.java:87)
	at org.apache.catalina.connector.CoyoteAdapter.service(CoyoteAdapter.java:342)
	at org.apache.coyote.http11.Http11Processor.service(Http11Processor.java:800)
	at org.apache.coyote.AbstractProcessorLight.process(AbstractProcessorLight.java:66)
	at org.apache.coyote.AbstractProtocol$ConnectionHandler.process(AbstractProtocol.java:800)
	at org.apache.tomcat.util.net.NioEndpoint$SocketProcessor.doRun(NioEndpoint.java:1471)
	at org.apache.tomcat.util.net.SocketProcessorBase.run(SocketProcessorBase.java:49)
	at java.util.concurrent.ThreadPoolExecutor.runWorker(Unknown Source)
	at java.util.concurrent.ThreadPoolExecutor$Worker.run(Unknown Source)
	at org.apache.tomcat.util.threads.TaskThread$WrappingRunnable.run(TaskThread.java:61)
	at java.lang.Thread.run(Unknown Source)
08:31:13.050 INFO  [nio-8802-exec-8] c.h.interceptor.WebLogAspect - 【**** URL ****】: http://192.168.200.127:8802/main
08:31:13.051 INFO  [nio-8802-exec-8] c.h.interceptor.WebLogAspect - 【**** HTTP_METHOD ****】: GET
08:31:13.051 INFO  [nio-8802-exec-8] c.h.interceptor.WebLogAspect - 【**** IP ****】: 192.168.200.112
08:31:13.051 INFO  [nio-8802-exec-8] c.h.interceptor.WebLogAspect - 【**** CLASS_METHOD ****】: com.htxx.controller.PageController.index
08:31:13.051 INFO  [nio-8802-exec-8] c.h.interceptor.WebLogAspect - 【**** ARGS ****】: 
[]
08:31:13.087 INFO  [nio-8802-exec-8] c.h.interceptor.WebLogAspect - 【**** RESPONSE ****】: ModelAndView: reference to view with name 'index'; model is {actions=[com.htxx.entity.Action@29e6772a, com.htxx.entity.Action@58355eef, com.htxx.entity.Action@40eeb4ef, com.htxx.entity.Action@5659c04a, com.htxx.entity.Action@4c9ca28c, com.htxx.entity.Action@3eac4fd6, com.htxx.entity.Action@bd0dd20]}
08:31:13.088 INFO  [nio-8802-exec-8] c.h.interceptor.WebLogAspect - 【**** SPEND TIME ****】: 38ms
08:31:13.159 INFO  [nio-8802-exec-4] c.h.interceptor.WebLogAspect - 【**** URL ****】: http://192.168.200.127:8802/home
08:31:13.159 INFO  [nio-8802-exec-4] c.h.interceptor.WebLogAspect - 【**** HTTP_METHOD ****】: GET
08:31:13.160 INFO  [nio-8802-exec-4] c.h.interceptor.WebLogAspect - 【**** IP ****】: 192.168.200.112
08:31:13.160 INFO  [nio-8802-exec-4] c.h.interceptor.WebLogAspect - 【**** CLASS_METHOD ****】: com.htxx.controller.PageController.home
08:31:13.160 INFO  [nio-8802-exec-4] c.h.interceptor.WebLogAspect - 【**** ARGS ****】: 
[org.apache.catalina.connector.RequestFacade@2a672284]
08:31:13.171 INFO  [nio-8802-exec-4] c.h.interceptor.WebLogAspect - 【**** RESPONSE ****】: ModelAndView: reference to view with name 'home'; model is {messages=Page{count=true, pageNum=1, pageSize=10, startRow=0, endRow=10, total=1, pages=1, countSignal=false, orderBy='null', orderByOnly=false, reasonable=false, pageSizeZero=false}}
08:31:13.171 INFO  [nio-8802-exec-4] c.h.interceptor.WebLogAspect - 【**** SPEND TIME ****】: 12ms
08:31:17.365 ERROR [io-8802-exec-10] org.thymeleaf.TemplateEngine - [THYMELEAF][http-nio-8802-exec-10] Exception processing template "/dianFeiShouRu/ziYouPiaoList.html": Error resolving template "/dianFeiShouRu/ziYouPiaoList.html", template might not exist or might not be accessible by any of the configured Template Resolvers
org.thymeleaf.exceptions.TemplateInputException: Error resolving template "/dianFeiShouRu/ziYouPiaoList.html", template might not exist or might not be accessible by any of the configured Template Resolvers
	at org.thymeleaf.engine.TemplateManager.resolveTemplate(TemplateManager.java:870)
	at org.thymeleaf.engine.TemplateManager.parseAndProcess(TemplateManager.java:607)
	at org.thymeleaf.TemplateEngine.process(TemplateEngine.java:1098)
	at org.thymeleaf.TemplateEngine.process(TemplateEngine.java:1072)
	at org.thymeleaf.spring5.view.ThymeleafView.renderFragment(ThymeleafView.java:354)
	at org.thymeleaf.spring5.view.ThymeleafView.render(ThymeleafView.java:187)
	at org.springframework.web.servlet.DispatcherServlet.render(DispatcherServlet.java:1325)
	at org.springframework.web.servlet.DispatcherServlet.processDispatchResult(DispatcherServlet.java:1069)
	at org.springframework.web.servlet.DispatcherServlet.doDispatch(DispatcherServlet.java:1008)
	at org.springframework.web.servlet.DispatcherServlet.doService(DispatcherServlet.java:925)
	at org.springframework.web.servlet.FrameworkServlet.processRequest(FrameworkServlet.java:974)
	at org.springframework.web.servlet.FrameworkServlet.doGet(FrameworkServlet.java:866)
	at javax.servlet.http.HttpServlet.service(HttpServlet.java:635)
	at org.springframework.web.servlet.FrameworkServlet.service(FrameworkServlet.java:851)
	at javax.servlet.http.HttpServlet.service(HttpServlet.java:742)
	at org.apache.catalina.core.ApplicationFilterChain.internalDoFilter(ApplicationFilterChain.java:231)
	at org.apache.catalina.core.ApplicationFilterChain.doFilter(ApplicationFilterChain.java:166)
	at org.apache.tomcat.websocket.server.WsFilter.doFilter(WsFilter.java:52)
	at org.apache.catalina.core.ApplicationFilterChain.internalDoFilter(ApplicationFilterChain.java:193)
	at org.apache.catalina.core.ApplicationFilterChain.doFilter(ApplicationFilterChain.java:166)
	at org.springframework.web.filter.RequestContextFilter.doFilterInternal(RequestContextFilter.java:99)
	at org.springframework.web.filter.OncePerRequestFilter.doFilter(OncePerRequestFilter.java:107)
	at org.apache.catalina.core.ApplicationFilterChain.internalDoFilter(ApplicationFilterChain.java:193)
	at org.apache.catalina.core.ApplicationFilterChain.doFilter(ApplicationFilterChain.java:166)
	at org.springframework.web.filter.HttpPutFormContentFilter.doFilterInternal(HttpPutFormContentFilter.java:109)
	at org.springframework.web.filter.OncePerRequestFilter.doFilter(OncePerRequestFilter.java:107)
	at org.apache.catalina.core.ApplicationFilterChain.internalDoFilter(ApplicationFilterChain.java:193)
	at org.apache.catalina.core.ApplicationFilterChain.doFilter(ApplicationFilterChain.java:166)
	at org.springframework.web.filter.HiddenHttpMethodFilter.doFilterInternal(HiddenHttpMethodFilter.java:93)
	at org.springframework.web.filter.OncePerRequestFilter.doFilter(OncePerRequestFilter.java:107)
	at org.apache.catalina.core.ApplicationFilterChain.internalDoFilter(ApplicationFilterChain.java:193)
	at org.apache.catalina.core.ApplicationFilterChain.doFilter(ApplicationFilterChain.java:166)
	at org.springframework.web.filter.CharacterEncodingFilter.doFilterInternal(CharacterEncodingFilter.java:200)
	at org.springframework.web.filter.OncePerRequestFilter.doFilter(OncePerRequestFilter.java:107)
	at org.apache.catalina.core.ApplicationFilterChain.internalDoFilter(ApplicationFilterChain.java:193)
	at org.apache.catalina.core.ApplicationFilterChain.doFilter(ApplicationFilterChain.java:166)
	at org.apache.catalina.core.StandardWrapperValve.invoke(StandardWrapperValve.java:198)
	at org.apache.catalina.core.StandardContextValve.invoke(StandardContextValve.java:96)
	at org.apache.catalina.authenticator.AuthenticatorBase.invoke(AuthenticatorBase.java:493)
	at org.apache.catalina.core.StandardHostValve.invoke(StandardHostValve.java:140)
	at org.apache.catalina.valves.ErrorReportValve.invoke(ErrorReportValve.java:81)
	at org.apache.catalina.core.StandardEngineValve.invoke(StandardEngineValve.java:87)
	at org.apache.catalina.connector.CoyoteAdapter.service(CoyoteAdapter.java:342)
	at org.apache.coyote.http11.Http11Processor.service(Http11Processor.java:800)
	at org.apache.coyote.AbstractProcessorLight.process(AbstractProcessorLight.java:66)
	at org.apache.coyote.AbstractProtocol$ConnectionHandler.process(AbstractProtocol.java:800)
	at org.apache.tomcat.util.net.NioEndpoint$SocketProcessor.doRun(NioEndpoint.java:1471)
	at org.apache.tomcat.util.net.SocketProcessorBase.run(SocketProcessorBase.java:49)
	at java.util.concurrent.ThreadPoolExecutor.runWorker(Unknown Source)
	at java.util.concurrent.ThreadPoolExecutor$Worker.run(Unknown Source)
	at org.apache.tomcat.util.threads.TaskThread$WrappingRunnable.run(TaskThread.java:61)
	at java.lang.Thread.run(Unknown Source)
08:31:17.367 ERROR [io-8802-exec-10] o.a.c.c.C.[.[.[.[dispatcherServlet] - Servlet.service() for servlet [dispatcherServlet] in context with path [] threw exception [Request processing failed; nested exception is org.thymeleaf.exceptions.TemplateInputException: Error resolving template "/dianFeiShouRu/ziYouPiaoList.html", template might not exist or might not be accessible by any of the configured Template Resolvers] with root cause
org.thymeleaf.exceptions.TemplateInputException: Error resolving template "/dianFeiShouRu/ziYouPiaoList.html", template might not exist or might not be accessible by any of the configured Template Resolvers
	at org.thymeleaf.engine.TemplateManager.resolveTemplate(TemplateManager.java:870)
	at org.thymeleaf.engine.TemplateManager.parseAndProcess(TemplateManager.java:607)
	at org.thymeleaf.TemplateEngine.process(TemplateEngine.java:1098)
	at org.thymeleaf.TemplateEngine.process(TemplateEngine.java:1072)
	at org.thymeleaf.spring5.view.ThymeleafView.renderFragment(ThymeleafView.java:354)
	at org.thymeleaf.spring5.view.ThymeleafView.render(ThymeleafView.java:187)
	at org.springframework.web.servlet.DispatcherServlet.render(DispatcherServlet.java:1325)
	at org.springframework.web.servlet.DispatcherServlet.processDispatchResult(DispatcherServlet.java:1069)
	at org.springframework.web.servlet.DispatcherServlet.doDispatch(DispatcherServlet.java:1008)
	at org.springframework.web.servlet.DispatcherServlet.doService(DispatcherServlet.java:925)
	at org.springframework.web.servlet.FrameworkServlet.processRequest(FrameworkServlet.java:974)
	at org.springframework.web.servlet.FrameworkServlet.doGet(FrameworkServlet.java:866)
	at javax.servlet.http.HttpServlet.service(HttpServlet.java:635)
	at org.springframework.web.servlet.FrameworkServlet.service(FrameworkServlet.java:851)
	at javax.servlet.http.HttpServlet.service(HttpServlet.java:742)
	at org.apache.catalina.core.ApplicationFilterChain.internalDoFilter(ApplicationFilterChain.java:231)
	at org.apache.catalina.core.ApplicationFilterChain.doFilter(ApplicationFilterChain.java:166)
	at org.apache.tomcat.websocket.server.WsFilter.doFilter(WsFilter.java:52)
	at org.apache.catalina.core.ApplicationFilterChain.internalDoFilter(ApplicationFilterChain.java:193)
	at org.apache.catalina.core.ApplicationFilterChain.doFilter(ApplicationFilterChain.java:166)
	at org.springframework.web.filter.RequestContextFilter.doFilterInternal(RequestContextFilter.java:99)
	at org.springframework.web.filter.OncePerRequestFilter.doFilter(OncePerRequestFilter.java:107)
	at org.apache.catalina.core.ApplicationFilterChain.internalDoFilter(ApplicationFilterChain.java:193)
	at org.apache.catalina.core.ApplicationFilterChain.doFilter(ApplicationFilterChain.java:166)
	at org.springframework.web.filter.HttpPutFormContentFilter.doFilterInternal(HttpPutFormContentFilter.java:109)
	at org.springframework.web.filter.OncePerRequestFilter.doFilter(OncePerRequestFilter.java:107)
	at org.apache.catalina.core.ApplicationFilterChain.internalDoFilter(ApplicationFilterChain.java:193)
	at org.apache.catalina.core.ApplicationFilterChain.doFilter(ApplicationFilterChain.java:166)
	at org.springframework.web.filter.HiddenHttpMethodFilter.doFilterInternal(HiddenHttpMethodFilter.java:93)
	at org.springframework.web.filter.OncePerRequestFilter.doFilter(OncePerRequestFilter.java:107)
	at org.apache.catalina.core.ApplicationFilterChain.internalDoFilter(ApplicationFilterChain.java:193)
	at org.apache.catalina.core.ApplicationFilterChain.doFilter(ApplicationFilterChain.java:166)
	at org.springframework.web.filter.CharacterEncodingFilter.doFilterInternal(CharacterEncodingFilter.java:200)
	at org.springframework.web.filter.OncePerRequestFilter.doFilter(OncePerRequestFilter.java:107)
	at org.apache.catalina.core.ApplicationFilterChain.internalDoFilter(ApplicationFilterChain.java:193)
	at org.apache.catalina.core.ApplicationFilterChain.doFilter(ApplicationFilterChain.java:166)
	at org.apache.catalina.core.StandardWrapperValve.invoke(StandardWrapperValve.java:198)
	at org.apache.catalina.core.StandardContextValve.invoke(StandardContextValve.java:96)
	at org.apache.catalina.authenticator.AuthenticatorBase.invoke(AuthenticatorBase.java:493)
	at org.apache.catalina.core.StandardHostValve.invoke(StandardHostValve.java:140)
	at org.apache.catalina.valves.ErrorReportValve.invoke(ErrorReportValve.java:81)
	at org.apache.catalina.core.StandardEngineValve.invoke(StandardEngineValve.java:87)
	at org.apache.catalina.connector.CoyoteAdapter.service(CoyoteAdapter.java:342)
	at org.apache.coyote.http11.Http11Processor.service(Http11Processor.java:800)
	at org.apache.coyote.AbstractProcessorLight.process(AbstractProcessorLight.java:66)
	at org.apache.coyote.AbstractProtocol$ConnectionHandler.process(AbstractProtocol.java:800)
	at org.apache.tomcat.util.net.NioEndpoint$SocketProcessor.doRun(NioEndpoint.java:1471)
	at org.apache.tomcat.util.net.SocketProcessorBase.run(SocketProcessorBase.java:49)
	at java.util.concurrent.ThreadPoolExecutor.runWorker(Unknown Source)
	at java.util.concurrent.ThreadPoolExecutor$Worker.run(Unknown Source)
	at org.apache.tomcat.util.threads.TaskThread$WrappingRunnable.run(TaskThread.java:61)
	at java.lang.Thread.run(Unknown Source)
08:31:19.415 ERROR [nio-8802-exec-5] org.thymeleaf.TemplateEngine - [THYMELEAF][http-nio-8802-exec-5] Exception processing template "/dianFeiShouRu/yiKaiFaPiao.html": Error resolving template "/dianFeiShouRu/yiKaiFaPiao.html", template might not exist or might not be accessible by any of the configured Template Resolvers
org.thymeleaf.exceptions.TemplateInputException: Error resolving template "/dianFeiShouRu/yiKaiFaPiao.html", template might not exist or might not be accessible by any of the configured Template Resolvers
	at org.thymeleaf.engine.TemplateManager.resolveTemplate(TemplateManager.java:870)
	at org.thymeleaf.engine.TemplateManager.parseAndProcess(TemplateManager.java:607)
	at org.thymeleaf.TemplateEngine.process(TemplateEngine.java:1098)
	at org.thymeleaf.TemplateEngine.process(TemplateEngine.java:1072)
	at org.thymeleaf.spring5.view.ThymeleafView.renderFragment(ThymeleafView.java:354)
	at org.thymeleaf.spring5.view.ThymeleafView.render(ThymeleafView.java:187)
	at org.springframework.web.servlet.DispatcherServlet.render(DispatcherServlet.java:1325)
	at org.springframework.web.servlet.DispatcherServlet.processDispatchResult(DispatcherServlet.java:1069)
	at org.springframework.web.servlet.DispatcherServlet.doDispatch(DispatcherServlet.java:1008)
	at org.springframework.web.servlet.DispatcherServlet.doService(DispatcherServlet.java:925)
	at org.springframework.web.servlet.FrameworkServlet.processRequest(FrameworkServlet.java:974)
	at org.springframework.web.servlet.FrameworkServlet.doGet(FrameworkServlet.java:866)
	at javax.servlet.http.HttpServlet.service(HttpServlet.java:635)
	at org.springframework.web.servlet.FrameworkServlet.service(FrameworkServlet.java:851)
	at javax.servlet.http.HttpServlet.service(HttpServlet.java:742)
	at org.apache.catalina.core.ApplicationFilterChain.internalDoFilter(ApplicationFilterChain.java:231)
	at org.apache.catalina.core.ApplicationFilterChain.doFilter(ApplicationFilterChain.java:166)
	at org.apache.tomcat.websocket.server.WsFilter.doFilter(WsFilter.java:52)
	at org.apache.catalina.core.ApplicationFilterChain.internalDoFilter(ApplicationFilterChain.java:193)
	at org.apache.catalina.core.ApplicationFilterChain.doFilter(ApplicationFilterChain.java:166)
	at org.springframework.web.filter.RequestContextFilter.doFilterInternal(RequestContextFilter.java:99)
	at org.springframework.web.filter.OncePerRequestFilter.doFilter(OncePerRequestFilter.java:107)
	at org.apache.catalina.core.ApplicationFilterChain.internalDoFilter(ApplicationFilterChain.java:193)
	at org.apache.catalina.core.ApplicationFilterChain.doFilter(ApplicationFilterChain.java:166)
	at org.springframework.web.filter.HttpPutFormContentFilter.doFilterInternal(HttpPutFormContentFilter.java:109)
	at org.springframework.web.filter.OncePerRequestFilter.doFilter(OncePerRequestFilter.java:107)
	at org.apache.catalina.core.ApplicationFilterChain.internalDoFilter(ApplicationFilterChain.java:193)
	at org.apache.catalina.core.ApplicationFilterChain.doFilter(ApplicationFilterChain.java:166)
	at org.springframework.web.filter.HiddenHttpMethodFilter.doFilterInternal(HiddenHttpMethodFilter.java:93)
	at org.springframework.web.filter.OncePerRequestFilter.doFilter(OncePerRequestFilter.java:107)
	at org.apache.catalina.core.ApplicationFilterChain.internalDoFilter(ApplicationFilterChain.java:193)
	at org.apache.catalina.core.ApplicationFilterChain.doFilter(ApplicationFilterChain.java:166)
	at org.springframework.web.filter.CharacterEncodingFilter.doFilterInternal(CharacterEncodingFilter.java:200)
	at org.springframework.web.filter.OncePerRequestFilter.doFilter(OncePerRequestFilter.java:107)
	at org.apache.catalina.core.ApplicationFilterChain.internalDoFilter(ApplicationFilterChain.java:193)
	at org.apache.catalina.core.ApplicationFilterChain.doFilter(ApplicationFilterChain.java:166)
	at org.apache.catalina.core.StandardWrapperValve.invoke(StandardWrapperValve.java:198)
	at org.apache.catalina.core.StandardContextValve.invoke(StandardContextValve.java:96)
	at org.apache.catalina.authenticator.AuthenticatorBase.invoke(AuthenticatorBase.java:493)
	at org.apache.catalina.core.StandardHostValve.invoke(StandardHostValve.java:140)
	at org.apache.catalina.valves.ErrorReportValve.invoke(ErrorReportValve.java:81)
	at org.apache.catalina.core.StandardEngineValve.invoke(StandardEngineValve.java:87)
	at org.apache.catalina.connector.CoyoteAdapter.service(CoyoteAdapter.java:342)
	at org.apache.coyote.http11.Http11Processor.service(Http11Processor.java:800)
	at org.apache.coyote.AbstractProcessorLight.process(AbstractProcessorLight.java:66)
	at org.apache.coyote.AbstractProtocol$ConnectionHandler.process(AbstractProtocol.java:800)
	at org.apache.tomcat.util.net.NioEndpoint$SocketProcessor.doRun(NioEndpoint.java:1471)
	at org.apache.tomcat.util.net.SocketProcessorBase.run(SocketProcessorBase.java:49)
	at java.util.concurrent.ThreadPoolExecutor.runWorker(Unknown Source)
	at java.util.concurrent.ThreadPoolExecutor$Worker.run(Unknown Source)
	at org.apache.tomcat.util.threads.TaskThread$WrappingRunnable.run(TaskThread.java:61)
	at java.lang.Thread.run(Unknown Source)
08:31:19.421 ERROR [nio-8802-exec-5] o.a.c.c.C.[.[.[.[dispatcherServlet] - Servlet.service() for servlet [dispatcherServlet] in context with path [] threw exception [Request processing failed; nested exception is org.thymeleaf.exceptions.TemplateInputException: Error resolving template "/dianFeiShouRu/yiKaiFaPiao.html", template might not exist or might not be accessible by any of the configured Template Resolvers] with root cause
org.thymeleaf.exceptions.TemplateInputException: Error resolving template "/dianFeiShouRu/yiKaiFaPiao.html", template might not exist or might not be accessible by any of the configured Template Resolvers
	at org.thymeleaf.engine.TemplateManager.resolveTemplate(TemplateManager.java:870)
	at org.thymeleaf.engine.TemplateManager.parseAndProcess(TemplateManager.java:607)
	at org.thymeleaf.TemplateEngine.process(TemplateEngine.java:1098)
	at org.thymeleaf.TemplateEngine.process(TemplateEngine.java:1072)
	at org.thymeleaf.spring5.view.ThymeleafView.renderFragment(ThymeleafView.java:354)
	at org.thymeleaf.spring5.view.ThymeleafView.render(ThymeleafView.java:187)
	at org.springframework.web.servlet.DispatcherServlet.render(DispatcherServlet.java:1325)
	at org.springframework.web.servlet.DispatcherServlet.processDispatchResult(DispatcherServlet.java:1069)
	at org.springframework.web.servlet.DispatcherServlet.doDispatch(DispatcherServlet.java:1008)
	at org.springframework.web.servlet.DispatcherServlet.doService(DispatcherServlet.java:925)
	at org.springframework.web.servlet.FrameworkServlet.processRequest(FrameworkServlet.java:974)
	at org.springframework.web.servlet.FrameworkServlet.doGet(FrameworkServlet.java:866)
	at javax.servlet.http.HttpServlet.service(HttpServlet.java:635)
	at org.springframework.web.servlet.FrameworkServlet.service(FrameworkServlet.java:851)
	at javax.servlet.http.HttpServlet.service(HttpServlet.java:742)
	at org.apache.catalina.core.ApplicationFilterChain.internalDoFilter(ApplicationFilterChain.java:231)
	at org.apache.catalina.core.ApplicationFilterChain.doFilter(ApplicationFilterChain.java:166)
	at org.apache.tomcat.websocket.server.WsFilter.doFilter(WsFilter.java:52)
	at org.apache.catalina.core.ApplicationFilterChain.internalDoFilter(ApplicationFilterChain.java:193)
	at org.apache.catalina.core.ApplicationFilterChain.doFilter(ApplicationFilterChain.java:166)
	at org.springframework.web.filter.RequestContextFilter.doFilterInternal(RequestContextFilter.java:99)
	at org.springframework.web.filter.OncePerRequestFilter.doFilter(OncePerRequestFilter.java:107)
	at org.apache.catalina.core.ApplicationFilterChain.internalDoFilter(ApplicationFilterChain.java:193)
	at org.apache.catalina.core.ApplicationFilterChain.doFilter(ApplicationFilterChain.java:166)
	at org.springframework.web.filter.HttpPutFormContentFilter.doFilterInternal(HttpPutFormContentFilter.java:109)
	at org.springframework.web.filter.OncePerRequestFilter.doFilter(OncePerRequestFilter.java:107)
	at org.apache.catalina.core.ApplicationFilterChain.internalDoFilter(ApplicationFilterChain.java:193)
	at org.apache.catalina.core.ApplicationFilterChain.doFilter(ApplicationFilterChain.java:166)
	at org.springframework.web.filter.HiddenHttpMethodFilter.doFilterInternal(HiddenHttpMethodFilter.java:93)
	at org.springframework.web.filter.OncePerRequestFilter.doFilter(OncePerRequestFilter.java:107)
	at org.apache.catalina.core.ApplicationFilterChain.internalDoFilter(ApplicationFilterChain.java:193)
	at org.apache.catalina.core.ApplicationFilterChain.doFilter(ApplicationFilterChain.java:166)
	at org.springframework.web.filter.CharacterEncodingFilter.doFilterInternal(CharacterEncodingFilter.java:200)
	at org.springframework.web.filter.OncePerRequestFilter.doFilter(OncePerRequestFilter.java:107)
	at org.apache.catalina.core.ApplicationFilterChain.internalDoFilter(ApplicationFilterChain.java:193)
	at org.apache.catalina.core.ApplicationFilterChain.doFilter(ApplicationFilterChain.java:166)
	at org.apache.catalina.core.StandardWrapperValve.invoke(StandardWrapperValve.java:198)
	at org.apache.catalina.core.StandardContextValve.invoke(StandardContextValve.java:96)
	at org.apache.catalina.authenticator.AuthenticatorBase.invoke(AuthenticatorBase.java:493)
	at org.apache.catalina.core.StandardHostValve.invoke(StandardHostValve.java:140)
	at org.apache.catalina.valves.ErrorReportValve.invoke(ErrorReportValve.java:81)
	at org.apache.catalina.core.StandardEngineValve.invoke(StandardEngineValve.java:87)
	at org.apache.catalina.connector.CoyoteAdapter.service(CoyoteAdapter.java:342)
	at org.apache.coyote.http11.Http11Processor.service(Http11Processor.java:800)
	at org.apache.coyote.AbstractProcessorLight.process(AbstractProcessorLight.java:66)
	at org.apache.coyote.AbstractProtocol$ConnectionHandler.process(AbstractProtocol.java:800)
	at org.apache.tomcat.util.net.NioEndpoint$SocketProcessor.doRun(NioEndpoint.java:1471)
	at org.apache.tomcat.util.net.SocketProcessorBase.run(SocketProcessorBase.java:49)
	at java.util.concurrent.ThreadPoolExecutor.runWorker(Unknown Source)
	at java.util.concurrent.ThreadPoolExecutor$Worker.run(Unknown Source)
	at org.apache.tomcat.util.threads.TaskThread$WrappingRunnable.run(TaskThread.java:61)
	at java.lang.Thread.run(Unknown Source)
08:31:20.803 INFO  [nio-8802-exec-2] c.h.interceptor.WebLogAspect - 【**** URL ****】: http://192.168.200.127:8802/table
08:31:20.803 INFO  [nio-8802-exec-2] c.h.interceptor.WebLogAspect - 【**** HTTP_METHOD ****】: GET
08:31:20.804 INFO  [nio-8802-exec-2] c.h.interceptor.WebLogAspect - 【**** IP ****】: 192.168.200.112
08:31:20.804 INFO  [nio-8802-exec-2] c.h.interceptor.WebLogAspect - 【**** CLASS_METHOD ****】: com.htxx.controller.PageController.table
08:31:20.804 INFO  [nio-8802-exec-2] c.h.interceptor.WebLogAspect - 【**** ARGS ****】: 
[]
08:31:20.804 INFO  [nio-8802-exec-2] c.h.interceptor.WebLogAspect - 【**** RESPONSE ****】: table
08:31:20.805 INFO  [nio-8802-exec-2] c.h.interceptor.WebLogAspect - 【**** SPEND TIME ****】: 2ms
08:31:27.172 INFO  [nio-8802-exec-7] c.h.interceptor.WebLogAspect - 【**** URL ****】: http://192.168.200.127:8802/main/highPower/notice/default
08:31:27.173 INFO  [nio-8802-exec-7] c.h.interceptor.WebLogAspect - 【**** HTTP_METHOD ****】: GET
08:31:27.173 INFO  [nio-8802-exec-7] c.h.interceptor.WebLogAspect - 【**** IP ****】: 192.168.200.112
08:31:27.173 INFO  [nio-8802-exec-7] c.h.interceptor.WebLogAspect - 【**** CLASS_METHOD ****】: com.htxx.controller.PageController.notice
08:31:27.173 INFO  [nio-8802-exec-7] c.h.interceptor.WebLogAspect - 【**** ARGS ****】: 
[]
08:31:27.173 INFO  [nio-8802-exec-7] c.h.interceptor.WebLogAspect - 【**** RESPONSE ****】: highPower/noticeManagement
08:31:27.173 INFO  [nio-8802-exec-7] c.h.interceptor.WebLogAspect - 【**** SPEND TIME ****】: 1ms
08:34:16.769 INFO  [nio-8802-exec-9] c.h.c.h.HighPowerNoticeController - 编辑
08:34:16.772 INFO  [nio-8802-exec-9] c.h.c.h.HighPowerNoticeController - Notice(id=34, hm=用户142, zh=123456, gzdh=152127142, je=67.0, jfbz=67, status=1, createTime=2018-11-29 17:34:18, fjh=null, kpzdh=null, fpzl=null, kplx=null, xfsh=null, xfmc=null, xfdzdh=null, xfyhzh=null, gfsh=null, gfmc=null, gfdzdh=null, gfyhzh=null, kpr=null, skr=null, fhr=null, qdbz=0, jshj=null, hjje=null, hjse=null, bmbbh=null, bz=null, sj=null, email=null, ywlx=null, employeeId=null, enterpriseId=null, noticeDelList=null, jeMin=null, jeMax=null, createTimeMin=null, createTimeMax=null)
08:45:40.126 INFO  [nio-8802-exec-1] c.h.interceptor.WebLogAspect - 【**** URL ****】: http://192.168.200.127:8802/login
08:45:40.128 INFO  [nio-8802-exec-1] c.h.interceptor.WebLogAspect - 【**** HTTP_METHOD ****】: GET
08:45:40.128 INFO  [nio-8802-exec-1] c.h.interceptor.WebLogAspect - 【**** IP ****】: 192.168.200.122
08:45:40.128 INFO  [nio-8802-exec-1] c.h.interceptor.WebLogAspect - 【**** CLASS_METHOD ****】: com.htxx.controller.PageController.login
08:45:40.128 INFO  [nio-8802-exec-1] c.h.interceptor.WebLogAspect - 【**** ARGS ****】: 
[]
08:45:40.129 INFO  [nio-8802-exec-1] c.h.interceptor.WebLogAspect - 【**** RESPONSE ****】: login
08:45:40.129 INFO  [nio-8802-exec-1] c.h.interceptor.WebLogAspect - 【**** SPEND TIME ****】: 3ms
08:46:18.190 INFO  [nio-8802-exec-6] c.h.interceptor.WebLogAspect - 【**** URL ****】: http://192.168.200.127:8802/code/getCode
08:46:18.190 INFO  [nio-8802-exec-6] c.h.interceptor.WebLogAspect - 【**** HTTP_METHOD ****】: GET
08:46:18.191 INFO  [nio-8802-exec-6] c.h.interceptor.WebLogAspect - 【**** IP ****】: 192.168.200.122
08:46:18.191 INFO  [nio-8802-exec-6] c.h.interceptor.WebLogAspect - 【**** CLASS_METHOD ****】: com.htxx.controller.CodeController.getCode
08:46:18.191 INFO  [nio-8802-exec-6] c.h.interceptor.WebLogAspect - 【**** ARGS ****】: 
[org.apache.catalina.connector.RequestFacade@56373b6f, org.apache.catalina.connector.ResponseFacade@7b580208]
08:46:18.201 INFO  [nio-8802-exec-6] c.h.interceptor.WebLogAspect - 【**** RESPONSE ****】: null
08:46:18.201 INFO  [nio-8802-exec-6] c.h.interceptor.WebLogAspect - 【**** SPEND TIME ****】: 11ms
08:46:24.712 INFO  [nio-8802-exec-2] c.h.interceptor.WebLogAspect - 【**** URL ****】: http://192.168.200.127:8802/main
08:46:24.712 INFO  [nio-8802-exec-2] c.h.interceptor.WebLogAspect - 【**** HTTP_METHOD ****】: GET
08:46:24.712 INFO  [nio-8802-exec-2] c.h.interceptor.WebLogAspect - 【**** IP ****】: 192.168.200.122
08:46:24.712 INFO  [nio-8802-exec-2] c.h.interceptor.WebLogAspect - 【**** CLASS_METHOD ****】: com.htxx.controller.PageController.index
08:46:24.712 INFO  [nio-8802-exec-2] c.h.interceptor.WebLogAspect - 【**** ARGS ****】: 
[]
08:46:24.750 INFO  [nio-8802-exec-2] c.h.interceptor.WebLogAspect - 【**** RESPONSE ****】: ModelAndView: reference to view with name 'index'; model is {actions=[com.htxx.entity.Action@2d5cff39, com.htxx.entity.Action@573562c5, com.htxx.entity.Action@409daab2, com.htxx.entity.Action@215bb9e2, com.htxx.entity.Action@6bb43fc7, com.htxx.entity.Action@176b4b3e, com.htxx.entity.Action@3a8ebb5b]}
08:46:24.750 INFO  [nio-8802-exec-2] c.h.interceptor.WebLogAspect - 【**** SPEND TIME ****】: 38ms
08:46:24.832 INFO  [nio-8802-exec-4] c.h.interceptor.WebLogAspect - 【**** URL ****】: http://192.168.200.127:8802/home
08:46:24.833 INFO  [nio-8802-exec-4] c.h.interceptor.WebLogAspect - 【**** HTTP_METHOD ****】: GET
08:46:24.833 INFO  [nio-8802-exec-4] c.h.interceptor.WebLogAspect - 【**** IP ****】: 192.168.200.122
08:46:24.833 INFO  [nio-8802-exec-4] c.h.interceptor.WebLogAspect - 【**** CLASS_METHOD ****】: com.htxx.controller.PageController.home
08:46:24.833 INFO  [nio-8802-exec-4] c.h.interceptor.WebLogAspect - 【**** ARGS ****】: 
[org.apache.catalina.connector.RequestFacade@2a672284]
08:46:24.845 INFO  [nio-8802-exec-4] c.h.interceptor.WebLogAspect - 【**** RESPONSE ****】: ModelAndView: reference to view with name 'home'; model is {messages=Page{count=true, pageNum=1, pageSize=10, startRow=0, endRow=10, total=1, pages=1, countSignal=false, orderBy='null', orderByOnly=false, reasonable=false, pageSizeZero=false}}
08:46:24.845 INFO  [nio-8802-exec-4] c.h.interceptor.WebLogAspect - 【**** SPEND TIME ****】: 13ms
11:47:24.409 INFO  [nio-8802-exec-3] c.h.interceptor.WebLogAspect - 【**** URL ****】: http://192.168.200.127:8802/main/highPower/invoiceMng/default
11:47:24.415 INFO  [nio-8802-exec-3] c.h.interceptor.WebLogAspect - 【**** HTTP_METHOD ****】: GET
11:47:24.415 INFO  [nio-8802-exec-3] c.h.interceptor.WebLogAspect - 【**** IP ****】: 192.168.200.112
11:47:24.415 INFO  [nio-8802-exec-3] c.h.interceptor.WebLogAspect - 【**** CLASS_METHOD ****】: com.htxx.controller.PageController.invoice
11:47:24.416 INFO  [nio-8802-exec-3] c.h.interceptor.WebLogAspect - 【**** ARGS ****】: 
[]
11:47:24.418 INFO  [nio-8802-exec-3] c.h.interceptor.WebLogAspect - 【**** RESPONSE ****】: highPower/invoiceMng
11:47:24.419 INFO  [nio-8802-exec-3] c.h.interceptor.WebLogAspect - 【**** SPEND TIME ****】: 11ms
12:00:16.484 INFO  [nio-8802-exec-3] c.h.interceptor.WebLogAspect - 【**** URL ****】: http://192.168.200.127:8802/main/highPower/ykfpMng/default
12:00:16.484 INFO  [nio-8802-exec-3] c.h.interceptor.WebLogAspect - 【**** HTTP_METHOD ****】: GET
12:00:16.485 INFO  [nio-8802-exec-3] c.h.interceptor.WebLogAspect - 【**** IP ****】: 192.168.200.112
12:00:16.485 INFO  [nio-8802-exec-3] c.h.interceptor.WebLogAspect - 【**** CLASS_METHOD ****】: com.htxx.controller.PageController.ykfp
12:00:16.485 INFO  [nio-8802-exec-3] c.h.interceptor.WebLogAspect - 【**** ARGS ****】: 
[ModelAndView: materialized View is [null]; model is null]
12:00:16.514 INFO  [nio-8802-exec-3] c.h.interceptor.WebLogAspect - 【**** RESPONSE ****】: ModelAndView: reference to view with name 'highPower/ykfpMng'; model is {kpjxxList=[Kpjxx(id=7, enterpriseId=1, deptId=null, deptName=null, name=主机, nickName=开票机0, code=0, createTime=2018-11-06 08:41:36.0, updateTime=null, isDel=0, checked=false), Kpjxx(id=8, enterpriseId=1, deptId=null, deptName=null, name=开票机1, nickName=开票机1, code=1, createTime=2018-11-06 09:22:53.0, updateTime=null, isDel=0, checked=false), Kpjxx(id=9, enterpriseId=1, deptId=null, deptName=null, name=开票机2, nickName=纪勇, code=2, createTime=2018-11-06 09:46:47.0, updateTime=2018-11-06 09:46:54.0, isDel=0, checked=false), Kpjxx(id=10, enterpriseId=1, deptId=null, deptName=null, name=开票机3, nickName=开票机3, code=3, createTime=2018-11-09 11:12:38.0, updateTime=null, isDel=0, checked=false), Kpjxx(id=12, enterpriseId=1, deptId=null, deptName=null, name=开票机4, nickName=开票机4, code=4, createTime=2018-11-13 11:26:05.0, updateTime=null, isDel=0, checked=false), Kpjxx(id=13, enterpriseId=1, deptId=null, deptName=null, name=开票机5, nickName=开票机121, code=5, createTime=2018-11-14 14:41:55.0, updateTime=2018-11-14 14:42:10.0, isDel=0, checked=false), Kpjxx(id=14, enterpriseId=1, deptId=null, deptName=null, name=开票机6, nickName=开票机6, code=6, createTime=2018-11-27 15:32:03.0, updateTime=null, isDel=0, checked=false), Kpjxx(id=15, enterpriseId=1, deptId=null, deptName=null, name=开票机7, nickName=开票机7, code=7, createTime=2018-11-27 15:52:14.0, updateTime=null, isDel=0, checked=false), Kpjxx(id=16, enterpriseId=1, deptId=null, deptName=null, name=开票机8, nickName=开票机8, code=8, createTime=2018-11-27 15:52:29.0, updateTime=null, isDel=0, checked=false), Kpjxx(id=17, enterpriseId=1, deptId=null, deptName=null, name=开票机9, nickName=开票机9, code=9, createTime=2018-11-27 16:01:46.0, updateTime=null, isDel=0, checked=false), Kpjxx(id=18, enterpriseId=1, deptId=null, deptName=null, name=开票机10, nickName=开票机10, code=10, createTime=2018-11-27 16:02:08.0, updateTime=null, isDel=0, checked=false), Kpjxx(id=19, enterpriseId=1, deptId=null, deptName=null, name=开票机11, nickName=开票机11, code=11, createTime=2018-11-28 14:08:30.0, updateTime=null, isDel=0, checked=false), Kpjxx(id=20, enterpriseId=1, deptId=null, deptName=null, name=开票机12, nickName=开票机12, code=12, createTime=2018-11-28 14:08:40.0, updateTime=null, isDel=0, checked=false)], fplxList=[com.htxx.entity.Fplx@684cccc0, com.htxx.entity.Fplx@116b30cc, com.htxx.entity.Fplx@2504fb33]}
12:00:16.517 INFO  [nio-8802-exec-3] c.h.interceptor.WebLogAspect - 【**** SPEND TIME ****】: 33ms
13:22:55.281 INFO  [nio-8802-exec-6] c.h.interceptor.WebLogAspect - 【**** URL ****】: http://192.168.200.127:8802/login
13:22:55.303 INFO  [nio-8802-exec-6] c.h.interceptor.WebLogAspect - 【**** HTTP_METHOD ****】: GET
13:22:55.303 INFO  [nio-8802-exec-6] c.h.interceptor.WebLogAspect - 【**** IP ****】: 192.168.100.189
13:22:55.304 INFO  [nio-8802-exec-6] c.h.interceptor.WebLogAspect - 【**** CLASS_METHOD ****】: com.htxx.controller.PageController.login
13:22:55.304 INFO  [nio-8802-exec-6] c.h.interceptor.WebLogAspect - 【**** ARGS ****】: 
[]
13:22:55.305 INFO  [nio-8802-exec-6] c.h.interceptor.WebLogAspect - 【**** RESPONSE ****】: login
13:22:55.305 INFO  [nio-8802-exec-6] c.h.interceptor.WebLogAspect - 【**** SPEND TIME ****】: 24ms
13:22:55.419 INFO  [nio-8802-exec-3] c.h.interceptor.WebLogAspect - 【**** URL ****】: http://192.168.200.127:8802/code/getCode
13:22:55.420 INFO  [nio-8802-exec-3] c.h.interceptor.WebLogAspect - 【**** HTTP_METHOD ****】: GET
13:22:55.420 INFO  [nio-8802-exec-3] c.h.interceptor.WebLogAspect - 【**** IP ****】: 192.168.100.189
13:22:55.420 INFO  [nio-8802-exec-3] c.h.interceptor.WebLogAspect - 【**** CLASS_METHOD ****】: com.htxx.controller.CodeController.getCode
13:22:55.420 INFO  [nio-8802-exec-3] c.h.interceptor.WebLogAspect - 【**** ARGS ****】: 
[org.apache.catalina.connector.RequestFacade@40763a0e, org.apache.catalina.connector.ResponseFacade@4eb1cc70]
13:22:55.456 INFO  [nio-8802-exec-3] c.h.interceptor.WebLogAspect - 【**** RESPONSE ****】: null
13:22:55.456 INFO  [nio-8802-exec-3] c.h.interceptor.WebLogAspect - 【**** SPEND TIME ****】: 37ms
13:23:05.792 INFO  [nio-8802-exec-5] c.h.interceptor.WebLogAspect - 【**** URL ****】: http://192.168.200.127:8802/main
13:23:05.792 INFO  [nio-8802-exec-5] c.h.interceptor.WebLogAspect - 【**** HTTP_METHOD ****】: GET
13:23:05.792 INFO  [nio-8802-exec-5] c.h.interceptor.WebLogAspect - 【**** IP ****】: 192.168.100.189
13:23:05.792 INFO  [nio-8802-exec-5] c.h.interceptor.WebLogAspect - 【**** CLASS_METHOD ****】: com.htxx.controller.PageController.index
13:23:05.792 INFO  [nio-8802-exec-5] c.h.interceptor.WebLogAspect - 【**** ARGS ****】: 
[]
13:23:05.827 INFO  [nio-8802-exec-5] c.h.interceptor.WebLogAspect - 【**** RESPONSE ****】: ModelAndView: reference to view with name 'index'; model is {actions=[com.htxx.entity.Action@55535b69, com.htxx.entity.Action@392eaff4, com.htxx.entity.Action@6ad867ac, com.htxx.entity.Action@202213cd, com.htxx.entity.Action@6f659cb3, com.htxx.entity.Action@2378cfa4, com.htxx.entity.Action@ab42960]}
13:23:05.827 INFO  [nio-8802-exec-5] c.h.interceptor.WebLogAspect - 【**** SPEND TIME ****】: 35ms
13:23:05.921 INFO  [nio-8802-exec-2] c.h.interceptor.WebLogAspect - 【**** URL ****】: http://192.168.200.127:8802/home
13:23:05.921 INFO  [nio-8802-exec-2] c.h.interceptor.WebLogAspect - 【**** HTTP_METHOD ****】: GET
13:23:05.922 INFO  [nio-8802-exec-2] c.h.interceptor.WebLogAspect - 【**** IP ****】: 192.168.100.189
13:23:05.922 INFO  [nio-8802-exec-2] c.h.interceptor.WebLogAspect - 【**** CLASS_METHOD ****】: com.htxx.controller.PageController.home
13:23:05.923 INFO  [nio-8802-exec-2] c.h.interceptor.WebLogAspect - 【**** ARGS ****】: 
[org.apache.catalina.connector.RequestFacade@40763a0e]
13:23:05.933 INFO  [nio-8802-exec-2] c.h.interceptor.WebLogAspect - 【**** RESPONSE ****】: ModelAndView: reference to view with name 'home'; model is {messages=Page{count=true, pageNum=1, pageSize=10, startRow=0, endRow=10, total=1, pages=1, countSignal=false, orderBy='null', orderByOnly=false, reasonable=false, pageSizeZero=false}}
13:23:05.933 INFO  [nio-8802-exec-2] c.h.interceptor.WebLogAspect - 【**** SPEND TIME ****】: 12ms
13:32:57.081 ERROR [nio-8802-exec-4] org.thymeleaf.TemplateEngine - [THYMELEAF][http-nio-8802-exec-4] Exception processing template "/dianFeiShouRu/ziYouPiaoList.html": Error resolving template "/dianFeiShouRu/ziYouPiaoList.html", template might not exist or might not be accessible by any of the configured Template Resolvers
org.thymeleaf.exceptions.TemplateInputException: Error resolving template "/dianFeiShouRu/ziYouPiaoList.html", template might not exist or might not be accessible by any of the configured Template Resolvers
	at org.thymeleaf.engine.TemplateManager.resolveTemplate(TemplateManager.java:870)
	at org.thymeleaf.engine.TemplateManager.parseAndProcess(TemplateManager.java:607)
	at org.thymeleaf.TemplateEngine.process(TemplateEngine.java:1098)
	at org.thymeleaf.TemplateEngine.process(TemplateEngine.java:1072)
	at org.thymeleaf.spring5.view.ThymeleafView.renderFragment(ThymeleafView.java:354)
	at org.thymeleaf.spring5.view.ThymeleafView.render(ThymeleafView.java:187)
	at org.springframework.web.servlet.DispatcherServlet.render(DispatcherServlet.java:1325)
	at org.springframework.web.servlet.DispatcherServlet.processDispatchResult(DispatcherServlet.java:1069)
	at org.springframework.web.servlet.DispatcherServlet.doDispatch(DispatcherServlet.java:1008)
	at org.springframework.web.servlet.DispatcherServlet.doService(DispatcherServlet.java:925)
	at org.springframework.web.servlet.FrameworkServlet.processRequest(FrameworkServlet.java:974)
	at org.springframework.web.servlet.FrameworkServlet.doGet(FrameworkServlet.java:866)
	at javax.servlet.http.HttpServlet.service(HttpServlet.java:635)
	at org.springframework.web.servlet.FrameworkServlet.service(FrameworkServlet.java:851)
	at javax.servlet.http.HttpServlet.service(HttpServlet.java:742)
	at org.apache.catalina.core.ApplicationFilterChain.internalDoFilter(ApplicationFilterChain.java:231)
	at org.apache.catalina.core.ApplicationFilterChain.doFilter(ApplicationFilterChain.java:166)
	at org.apache.tomcat.websocket.server.WsFilter.doFilter(WsFilter.java:52)
	at org.apache.catalina.core.ApplicationFilterChain.internalDoFilter(ApplicationFilterChain.java:193)
	at org.apache.catalina.core.ApplicationFilterChain.doFilter(ApplicationFilterChain.java:166)
	at org.springframework.web.filter.RequestContextFilter.doFilterInternal(RequestContextFilter.java:99)
	at org.springframework.web.filter.OncePerRequestFilter.doFilter(OncePerRequestFilter.java:107)
	at org.apache.catalina.core.ApplicationFilterChain.internalDoFilter(ApplicationFilterChain.java:193)
	at org.apache.catalina.core.ApplicationFilterChain.doFilter(ApplicationFilterChain.java:166)
	at org.springframework.web.filter.HttpPutFormContentFilter.doFilterInternal(HttpPutFormContentFilter.java:109)
	at org.springframework.web.filter.OncePerRequestFilter.doFilter(OncePerRequestFilter.java:107)
	at org.apache.catalina.core.ApplicationFilterChain.internalDoFilter(ApplicationFilterChain.java:193)
	at org.apache.catalina.core.ApplicationFilterChain.doFilter(ApplicationFilterChain.java:166)
	at org.springframework.web.filter.HiddenHttpMethodFilter.doFilterInternal(HiddenHttpMethodFilter.java:93)
	at org.springframework.web.filter.OncePerRequestFilter.doFilter(OncePerRequestFilter.java:107)
	at org.apache.catalina.core.ApplicationFilterChain.internalDoFilter(ApplicationFilterChain.java:193)
	at org.apache.catalina.core.ApplicationFilterChain.doFilter(ApplicationFilterChain.java:166)
	at org.springframework.web.filter.CharacterEncodingFilter.doFilterInternal(CharacterEncodingFilter.java:200)
	at org.springframework.web.filter.OncePerRequestFilter.doFilter(OncePerRequestFilter.java:107)
	at org.apache.catalina.core.ApplicationFilterChain.internalDoFilter(ApplicationFilterChain.java:193)
	at org.apache.catalina.core.ApplicationFilterChain.doFilter(ApplicationFilterChain.java:166)
	at org.apache.catalina.core.StandardWrapperValve.invoke(StandardWrapperValve.java:198)
	at org.apache.catalina.core.StandardContextValve.invoke(StandardContextValve.java:96)
	at org.apache.catalina.authenticator.AuthenticatorBase.invoke(AuthenticatorBase.java:493)
	at org.apache.catalina.core.StandardHostValve.invoke(StandardHostValve.java:140)
	at org.apache.catalina.valves.ErrorReportValve.invoke(ErrorReportValve.java:81)
	at org.apache.catalina.core.StandardEngineValve.invoke(StandardEngineValve.java:87)
	at org.apache.catalina.connector.CoyoteAdapter.service(CoyoteAdapter.java:342)
	at org.apache.coyote.http11.Http11Processor.service(Http11Processor.java:800)
	at org.apache.coyote.AbstractProcessorLight.process(AbstractProcessorLight.java:66)
	at org.apache.coyote.AbstractProtocol$ConnectionHandler.process(AbstractProtocol.java:800)
	at org.apache.tomcat.util.net.NioEndpoint$SocketProcessor.doRun(NioEndpoint.java:1471)
	at org.apache.tomcat.util.net.SocketProcessorBase.run(SocketProcessorBase.java:49)
	at java.util.concurrent.ThreadPoolExecutor.runWorker(Unknown Source)
	at java.util.concurrent.ThreadPoolExecutor$Worker.run(Unknown Source)
	at org.apache.tomcat.util.threads.TaskThread$WrappingRunnable.run(TaskThread.java:61)
	at java.lang.Thread.run(Unknown Source)
13:32:57.085 ERROR [nio-8802-exec-4] o.a.c.c.C.[.[.[.[dispatcherServlet] - Servlet.service() for servlet [dispatcherServlet] in context with path [] threw exception [Request processing failed; nested exception is org.thymeleaf.exceptions.TemplateInputException: Error resolving template "/dianFeiShouRu/ziYouPiaoList.html", template might not exist or might not be accessible by any of the configured Template Resolvers] with root cause
org.thymeleaf.exceptions.TemplateInputException: Error resolving template "/dianFeiShouRu/ziYouPiaoList.html", template might not exist or might not be accessible by any of the configured Template Resolvers
	at org.thymeleaf.engine.TemplateManager.resolveTemplate(TemplateManager.java:870)
	at org.thymeleaf.engine.TemplateManager.parseAndProcess(TemplateManager.java:607)
	at org.thymeleaf.TemplateEngine.process(TemplateEngine.java:1098)
	at org.thymeleaf.TemplateEngine.process(TemplateEngine.java:1072)
	at org.thymeleaf.spring5.view.ThymeleafView.renderFragment(ThymeleafView.java:354)
	at org.thymeleaf.spring5.view.ThymeleafView.render(ThymeleafView.java:187)
	at org.springframework.web.servlet.DispatcherServlet.render(DispatcherServlet.java:1325)
	at org.springframework.web.servlet.DispatcherServlet.processDispatchResult(DispatcherServlet.java:1069)
	at org.springframework.web.servlet.DispatcherServlet.doDispatch(DispatcherServlet.java:1008)
	at org.springframework.web.servlet.DispatcherServlet.doService(DispatcherServlet.java:925)
	at org.springframework.web.servlet.FrameworkServlet.processRequest(FrameworkServlet.java:974)
	at org.springframework.web.servlet.FrameworkServlet.doGet(FrameworkServlet.java:866)
	at javax.servlet.http.HttpServlet.service(HttpServlet.java:635)
	at org.springframework.web.servlet.FrameworkServlet.service(FrameworkServlet.java:851)
	at javax.servlet.http.HttpServlet.service(HttpServlet.java:742)
	at org.apache.catalina.core.ApplicationFilterChain.internalDoFilter(ApplicationFilterChain.java:231)
	at org.apache.catalina.core.ApplicationFilterChain.doFilter(ApplicationFilterChain.java:166)
	at org.apache.tomcat.websocket.server.WsFilter.doFilter(WsFilter.java:52)
	at org.apache.catalina.core.ApplicationFilterChain.internalDoFilter(ApplicationFilterChain.java:193)
	at org.apache.catalina.core.ApplicationFilterChain.doFilter(ApplicationFilterChain.java:166)
	at org.springframework.web.filter.RequestContextFilter.doFilterInternal(RequestContextFilter.java:99)
	at org.springframework.web.filter.OncePerRequestFilter.doFilter(OncePerRequestFilter.java:107)
	at org.apache.catalina.core.ApplicationFilterChain.internalDoFilter(ApplicationFilterChain.java:193)
	at org.apache.catalina.core.ApplicationFilterChain.doFilter(ApplicationFilterChain.java:166)
	at org.springframework.web.filter.HttpPutFormContentFilter.doFilterInternal(HttpPutFormContentFilter.java:109)
	at org.springframework.web.filter.OncePerRequestFilter.doFilter(OncePerRequestFilter.java:107)
	at org.apache.catalina.core.ApplicationFilterChain.internalDoFilter(ApplicationFilterChain.java:193)
	at org.apache.catalina.core.ApplicationFilterChain.doFilter(ApplicationFilterChain.java:166)
	at org.springframework.web.filter.HiddenHttpMethodFilter.doFilterInternal(HiddenHttpMethodFilter.java:93)
	at org.springframework.web.filter.OncePerRequestFilter.doFilter(OncePerRequestFilter.java:107)
	at org.apache.catalina.core.ApplicationFilterChain.internalDoFilter(ApplicationFilterChain.java:193)
	at org.apache.catalina.core.ApplicationFilterChain.doFilter(ApplicationFilterChain.java:166)
	at org.springframework.web.filter.CharacterEncodingFilter.doFilterInternal(CharacterEncodingFilter.java:200)
	at org.springframework.web.filter.OncePerRequestFilter.doFilter(OncePerRequestFilter.java:107)
	at org.apache.catalina.core.ApplicationFilterChain.internalDoFilter(ApplicationFilterChain.java:193)
	at org.apache.catalina.core.ApplicationFilterChain.doFilter(ApplicationFilterChain.java:166)
	at org.apache.catalina.core.StandardWrapperValve.invoke(StandardWrapperValve.java:198)
	at org.apache.catalina.core.StandardContextValve.invoke(StandardContextValve.java:96)
	at org.apache.catalina.authenticator.AuthenticatorBase.invoke(AuthenticatorBase.java:493)
	at org.apache.catalina.core.StandardHostValve.invoke(StandardHostValve.java:140)
	at org.apache.catalina.valves.ErrorReportValve.invoke(ErrorReportValve.java:81)
	at org.apache.catalina.core.StandardEngineValve.invoke(StandardEngineValve.java:87)
	at org.apache.catalina.connector.CoyoteAdapter.service(CoyoteAdapter.java:342)
	at org.apache.coyote.http11.Http11Processor.service(Http11Processor.java:800)
	at org.apache.coyote.AbstractProcessorLight.process(AbstractProcessorLight.java:66)
	at org.apache.coyote.AbstractProtocol$ConnectionHandler.process(AbstractProtocol.java:800)
	at org.apache.tomcat.util.net.NioEndpoint$SocketProcessor.doRun(NioEndpoint.java:1471)
	at org.apache.tomcat.util.net.SocketProcessorBase.run(SocketProcessorBase.java:49)
	at java.util.concurrent.ThreadPoolExecutor.runWorker(Unknown Source)
	at java.util.concurrent.ThreadPoolExecutor$Worker.run(Unknown Source)
	at org.apache.tomcat.util.threads.TaskThread$WrappingRunnable.run(TaskThread.java:61)
	at java.lang.Thread.run(Unknown Source)
14:11:48.595 ERROR [nio-8802-exec-8] org.thymeleaf.TemplateEngine - [THYMELEAF][http-nio-8802-exec-8] Exception processing template "/dianFeiShouRu/yiKaiFaPiao.html": Error resolving template "/dianFeiShouRu/yiKaiFaPiao.html", template might not exist or might not be accessible by any of the configured Template Resolvers
org.thymeleaf.exceptions.TemplateInputException: Error resolving template "/dianFeiShouRu/yiKaiFaPiao.html", template might not exist or might not be accessible by any of the configured Template Resolvers
	at org.thymeleaf.engine.TemplateManager.resolveTemplate(TemplateManager.java:870)
	at org.thymeleaf.engine.TemplateManager.parseAndProcess(TemplateManager.java:607)
	at org.thymeleaf.TemplateEngine.process(TemplateEngine.java:1098)
	at org.thymeleaf.TemplateEngine.process(TemplateEngine.java:1072)
	at org.thymeleaf.spring5.view.ThymeleafView.renderFragment(ThymeleafView.java:354)
	at org.thymeleaf.spring5.view.ThymeleafView.render(ThymeleafView.java:187)
	at org.springframework.web.servlet.DispatcherServlet.render(DispatcherServlet.java:1325)
	at org.springframework.web.servlet.DispatcherServlet.processDispatchResult(DispatcherServlet.java:1069)
	at org.springframework.web.servlet.DispatcherServlet.doDispatch(DispatcherServlet.java:1008)
	at org.springframework.web.servlet.DispatcherServlet.doService(DispatcherServlet.java:925)
	at org.springframework.web.servlet.FrameworkServlet.processRequest(FrameworkServlet.java:974)
	at org.springframework.web.servlet.FrameworkServlet.doGet(FrameworkServlet.java:866)
	at javax.servlet.http.HttpServlet.service(HttpServlet.java:635)
	at org.springframework.web.servlet.FrameworkServlet.service(FrameworkServlet.java:851)
	at javax.servlet.http.HttpServlet.service(HttpServlet.java:742)
	at org.apache.catalina.core.ApplicationFilterChain.internalDoFilter(ApplicationFilterChain.java:231)
	at org.apache.catalina.core.ApplicationFilterChain.doFilter(ApplicationFilterChain.java:166)
	at org.apache.tomcat.websocket.server.WsFilter.doFilter(WsFilter.java:52)
	at org.apache.catalina.core.ApplicationFilterChain.internalDoFilter(ApplicationFilterChain.java:193)
	at org.apache.catalina.core.ApplicationFilterChain.doFilter(ApplicationFilterChain.java:166)
	at org.springframework.web.filter.RequestContextFilter.doFilterInternal(RequestContextFilter.java:99)
	at org.springframework.web.filter.OncePerRequestFilter.doFilter(OncePerRequestFilter.java:107)
	at org.apache.catalina.core.ApplicationFilterChain.internalDoFilter(ApplicationFilterChain.java:193)
	at org.apache.catalina.core.ApplicationFilterChain.doFilter(ApplicationFilterChain.java:166)
	at org.springframework.web.filter.HttpPutFormContentFilter.doFilterInternal(HttpPutFormContentFilter.java:109)
	at org.springframework.web.filter.OncePerRequestFilter.doFilter(OncePerRequestFilter.java:107)
	at org.apache.catalina.core.ApplicationFilterChain.internalDoFilter(ApplicationFilterChain.java:193)
	at org.apache.catalina.core.ApplicationFilterChain.doFilter(ApplicationFilterChain.java:166)
	at org.springframework.web.filter.HiddenHttpMethodFilter.doFilterInternal(HiddenHttpMethodFilter.java:93)
	at org.springframework.web.filter.OncePerRequestFilter.doFilter(OncePerRequestFilter.java:107)
	at org.apache.catalina.core.ApplicationFilterChain.internalDoFilter(ApplicationFilterChain.java:193)
	at org.apache.catalina.core.ApplicationFilterChain.doFilter(ApplicationFilterChain.java:166)
	at org.springframework.web.filter.CharacterEncodingFilter.doFilterInternal(CharacterEncodingFilter.java:200)
	at org.springframework.web.filter.OncePerRequestFilter.doFilter(OncePerRequestFilter.java:107)
	at org.apache.catalina.core.ApplicationFilterChain.internalDoFilter(ApplicationFilterChain.java:193)
	at org.apache.catalina.core.ApplicationFilterChain.doFilter(ApplicationFilterChain.java:166)
	at org.apache.catalina.core.StandardWrapperValve.invoke(StandardWrapperValve.java:198)
	at org.apache.catalina.core.StandardContextValve.invoke(StandardContextValve.java:96)
	at org.apache.catalina.authenticator.AuthenticatorBase.invoke(AuthenticatorBase.java:493)
	at org.apache.catalina.core.StandardHostValve.invoke(StandardHostValve.java:140)
	at org.apache.catalina.valves.ErrorReportValve.invoke(ErrorReportValve.java:81)
	at org.apache.catalina.core.StandardEngineValve.invoke(StandardEngineValve.java:87)
	at org.apache.catalina.connector.CoyoteAdapter.service(CoyoteAdapter.java:342)
	at org.apache.coyote.http11.Http11Processor.service(Http11Processor.java:800)
	at org.apache.coyote.AbstractProcessorLight.process(AbstractProcessorLight.java:66)
	at org.apache.coyote.AbstractProtocol$ConnectionHandler.process(AbstractProtocol.java:800)
	at org.apache.tomcat.util.net.NioEndpoint$SocketProcessor.doRun(NioEndpoint.java:1471)
	at org.apache.tomcat.util.net.SocketProcessorBase.run(SocketProcessorBase.java:49)
	at java.util.concurrent.ThreadPoolExecutor.runWorker(Unknown Source)
	at java.util.concurrent.ThreadPoolExecutor$Worker.run(Unknown Source)
	at org.apache.tomcat.util.threads.TaskThread$WrappingRunnable.run(TaskThread.java:61)
	at java.lang.Thread.run(Unknown Source)
14:11:48.598 ERROR [nio-8802-exec-8] o.a.c.c.C.[.[.[.[dispatcherServlet] - Servlet.service() for servlet [dispatcherServlet] in context with path [] threw exception [Request processing failed; nested exception is org.thymeleaf.exceptions.TemplateInputException: Error resolving template "/dianFeiShouRu/yiKaiFaPiao.html", template might not exist or might not be accessible by any of the configured Template Resolvers] with root cause
org.thymeleaf.exceptions.TemplateInputException: Error resolving template "/dianFeiShouRu/yiKaiFaPiao.html", template might not exist or might not be accessible by any of the configured Template Resolvers
	at org.thymeleaf.engine.TemplateManager.resolveTemplate(TemplateManager.java:870)
	at org.thymeleaf.engine.TemplateManager.parseAndProcess(TemplateManager.java:607)
	at org.thymeleaf.TemplateEngine.process(TemplateEngine.java:1098)
	at org.thymeleaf.TemplateEngine.process(TemplateEngine.java:1072)
	at org.thymeleaf.spring5.view.ThymeleafView.renderFragment(ThymeleafView.java:354)
	at org.thymeleaf.spring5.view.ThymeleafView.render(ThymeleafView.java:187)
	at org.springframework.web.servlet.DispatcherServlet.render(DispatcherServlet.java:1325)
	at org.springframework.web.servlet.DispatcherServlet.processDispatchResult(DispatcherServlet.java:1069)
	at org.springframework.web.servlet.DispatcherServlet.doDispatch(DispatcherServlet.java:1008)
	at org.springframework.web.servlet.DispatcherServlet.doService(DispatcherServlet.java:925)
	at org.springframework.web.servlet.FrameworkServlet.processRequest(FrameworkServlet.java:974)
	at org.springframework.web.servlet.FrameworkServlet.doGet(FrameworkServlet.java:866)
	at javax.servlet.http.HttpServlet.service(HttpServlet.java:635)
	at org.springframework.web.servlet.FrameworkServlet.service(FrameworkServlet.java:851)
	at javax.servlet.http.HttpServlet.service(HttpServlet.java:742)
	at org.apache.catalina.core.ApplicationFilterChain.internalDoFilter(ApplicationFilterChain.java:231)
	at org.apache.catalina.core.ApplicationFilterChain.doFilter(ApplicationFilterChain.java:166)
	at org.apache.tomcat.websocket.server.WsFilter.doFilter(WsFilter.java:52)
	at org.apache.catalina.core.ApplicationFilterChain.internalDoFilter(ApplicationFilterChain.java:193)
	at org.apache.catalina.core.ApplicationFilterChain.doFilter(ApplicationFilterChain.java:166)
	at org.springframework.web.filter.RequestContextFilter.doFilterInternal(RequestContextFilter.java:99)
	at org.springframework.web.filter.OncePerRequestFilter.doFilter(OncePerRequestFilter.java:107)
	at org.apache.catalina.core.ApplicationFilterChain.internalDoFilter(ApplicationFilterChain.java:193)
	at org.apache.catalina.core.ApplicationFilterChain.doFilter(ApplicationFilterChain.java:166)
	at org.springframework.web.filter.HttpPutFormContentFilter.doFilterInternal(HttpPutFormContentFilter.java:109)
	at org.springframework.web.filter.OncePerRequestFilter.doFilter(OncePerRequestFilter.java:107)
	at org.apache.catalina.core.ApplicationFilterChain.internalDoFilter(ApplicationFilterChain.java:193)
	at org.apache.catalina.core.ApplicationFilterChain.doFilter(ApplicationFilterChain.java:166)
	at org.springframework.web.filter.HiddenHttpMethodFilter.doFilterInternal(HiddenHttpMethodFilter.java:93)
	at org.springframework.web.filter.OncePerRequestFilter.doFilter(OncePerRequestFilter.java:107)
	at org.apache.catalina.core.ApplicationFilterChain.internalDoFilter(ApplicationFilterChain.java:193)
	at org.apache.catalina.core.ApplicationFilterChain.doFilter(ApplicationFilterChain.java:166)
	at org.springframework.web.filter.CharacterEncodingFilter.doFilterInternal(CharacterEncodingFilter.java:200)
	at org.springframework.web.filter.OncePerRequestFilter.doFilter(OncePerRequestFilter.java:107)
	at org.apache.catalina.core.ApplicationFilterChain.internalDoFilter(ApplicationFilterChain.java:193)
	at org.apache.catalina.core.ApplicationFilterChain.doFilter(ApplicationFilterChain.java:166)
	at org.apache.catalina.core.StandardWrapperValve.invoke(StandardWrapperValve.java:198)
	at org.apache.catalina.core.StandardContextValve.invoke(StandardContextValve.java:96)
	at org.apache.catalina.authenticator.AuthenticatorBase.invoke(AuthenticatorBase.java:493)
	at org.apache.catalina.core.StandardHostValve.invoke(StandardHostValve.java:140)
	at org.apache.catalina.valves.ErrorReportValve.invoke(ErrorReportValve.java:81)
	at org.apache.catalina.core.StandardEngineValve.invoke(StandardEngineValve.java:87)
	at org.apache.catalina.connector.CoyoteAdapter.service(CoyoteAdapter.java:342)
	at org.apache.coyote.http11.Http11Processor.service(Http11Processor.java:800)
	at org.apache.coyote.AbstractProcessorLight.process(AbstractProcessorLight.java:66)
	at org.apache.coyote.AbstractProtocol$ConnectionHandler.process(AbstractProtocol.java:800)
	at org.apache.tomcat.util.net.NioEndpoint$SocketProcessor.doRun(NioEndpoint.java:1471)
	at org.apache.tomcat.util.net.SocketProcessorBase.run(SocketProcessorBase.java:49)
	at java.util.concurrent.ThreadPoolExecutor.runWorker(Unknown Source)
	at java.util.concurrent.ThreadPoolExecutor$Worker.run(Unknown Source)
	at org.apache.tomcat.util.threads.TaskThread$WrappingRunnable.run(TaskThread.java:61)
	at java.lang.Thread.run(Unknown Source)
14:11:49.799 INFO  [nio-8802-exec-1] c.h.interceptor.WebLogAspect - 【**** URL ****】: http://192.168.200.127:8802/table
14:11:49.815 INFO  [nio-8802-exec-1] c.h.interceptor.WebLogAspect - 【**** HTTP_METHOD ****】: GET
14:11:49.816 INFO  [nio-8802-exec-1] c.h.interceptor.WebLogAspect - 【**** IP ****】: 192.168.100.189
14:11:49.816 INFO  [nio-8802-exec-1] c.h.interceptor.WebLogAspect - 【**** CLASS_METHOD ****】: com.htxx.controller.PageController.table
14:11:49.816 INFO  [nio-8802-exec-1] c.h.interceptor.WebLogAspect - 【**** ARGS ****】: 
[]
14:11:49.817 INFO  [nio-8802-exec-1] c.h.interceptor.WebLogAspect - 【**** RESPONSE ****】: table
14:11:49.817 INFO  [nio-8802-exec-1] c.h.interceptor.WebLogAspect - 【**** SPEND TIME ****】: 18ms
